[29-Oct-2018 23:28:41 UTC] PHP Parse error:  syntax error, unexpected '++' (T_INC), expecting ')' in /home/ubuntu/workspace/cst336/labs/777/index.php on line 8
[29-Oct-2018 23:29:01 UTC] PHP Parse error:  syntax error, unexpected '{' in /home/ubuntu/workspace/cst336/labs/777/index.php on line 11
[29-Oct-2018 23:39:33 UTC] PHP Parse error:  syntax error, unexpected 'src' (T_STRING), expecting ',' or ';' in /home/ubuntu/workspace/cst336/labs/777/index.php on line 31
[30-Oct-2018 02:03:04 UTC] PHP Fatal error:  Cannot redeclare displayPoints() (previously declared in /home/ubuntu/workspace/cst336/labs/777/index.php:30) in /home/ubuntu/workspace/cst336/labs/777/index.php on line 30
[30-Oct-2018 02:03:04 UTC] PHP Stack trace:
[30-Oct-2018 02:03:04 UTC] PHP   1. {main}() /home/ubuntu/workspace/cst336/labs/777/index.php:0
[30-Oct-2018 02:03:04 UTC] PHP   2. displaySymbol() /home/ubuntu/workspace/cst336/labs/777/index.php:11
[30-Oct-2018 02:30:21 UTC] PHP Parse error:  syntax error, unexpected ';' in /home/ubuntu/workspace/cst336/labs/777/index.php on line 32
[30-Oct-2018 02:31:06 UTC] PHP Parse error:  syntax error, unexpected '<' in /home/ubuntu/workspace/cst336/labs/777/index.php on line 38
[30-Oct-2018 02:31:42 UTC] PHP Parse error:  syntax error, unexpected '"<h3> Try Again!</h3>"' (T_CONSTANT_ENCAPSED_STRING) in /home/ubuntu/workspace/cst336/labs/777/index.php on line 49
[30-Oct-2018 02:31:58 UTC] PHP Fatal error:  Cannot redeclare displayPoints() (previously declared in /home/ubuntu/workspace/cst336/labs/777/index.php:30) in /home/ubuntu/workspace/cst336/labs/777/index.php on line 30
[30-Oct-2018 02:31:58 UTC] PHP Stack trace:
[30-Oct-2018 02:31:58 UTC] PHP   1. {main}() /home/ubuntu/workspace/cst336/labs/777/index.php:0
[30-Oct-2018 02:31:58 UTC] PHP   2. displaySymbol() /home/ubuntu/workspace/cst336/labs/777/index.php:11
[06-Nov-2018 21:20:46 UTC] PHP Warning:  array_rand() expects parameter 1 to be array, null given in /home/ubuntu/workspace/cst336/labs/lab3/index.php on line 9
[06-Nov-2018 21:20:46 UTC] PHP Stack trace:
[06-Nov-2018 21:20:46 UTC] PHP   1. {main}() /home/ubuntu/workspace/cst336/labs/lab3/index.php:0
[06-Nov-2018 21:20:46 UTC] PHP   2. array_rand() /home/ubuntu/workspace/cst336/labs/lab3/index.php:9
[06-Nov-2018 21:20:47 UTC] PHP Warning:  array_rand() expects parameter 1 to be array, null given in /home/ubuntu/workspace/cst336/labs/lab3/index.php on line 9
[06-Nov-2018 21:20:47 UTC] PHP Stack trace:
[06-Nov-2018 21:20:47 UTC] PHP   1. {main}() /home/ubuntu/workspace/cst336/labs/lab3/index.php:0
[06-Nov-2018 21:20:47 UTC] PHP   2. array_rand() /home/ubuntu/workspace/cst336/labs/lab3/index.php:9
[06-Nov-2018 21:24:41 UTC] PHP Warning:  array_rand() expects parameter 1 to be array, null given in /home/ubuntu/workspace/cst336/labs/lab3/index.php on line 9
[06-Nov-2018 21:24:41 UTC] PHP Stack trace:
[06-Nov-2018 21:24:41 UTC] PHP   1. {main}() /home/ubuntu/workspace/cst336/labs/lab3/index.php:0
[06-Nov-2018 21:24:41 UTC] PHP   2. array_rand() /home/ubuntu/workspace/cst336/labs/lab3/index.php:9
[06-Nov-2018 21:24:41 UTC] PHP Warning:  array_rand() expects parameter 1 to be array, null given in /home/ubuntu/workspace/cst336/labs/lab3/index.php on line 9
[06-Nov-2018 21:24:41 UTC] PHP Stack trace:
[06-Nov-2018 21:24:41 UTC] PHP   1. {main}() /home/ubuntu/workspace/cst336/labs/lab3/index.php:0
[06-Nov-2018 21:24:41 UTC] PHP   2. array_rand() /home/ubuntu/workspace/cst336/labs/lab3/index.php:9
[06-Nov-2018 22:28:30 UTC] PHP Parse error:  syntax error, unexpected end of file in /home/ubuntu/workspace/cst336/labs/lab3/index.php on line 59
[06-Nov-2018 22:31:23 UTC] PHP Parse error:  syntax error, unexpected end of file in /home/ubuntu/workspace/cst336/labs/lab3/index.php on line 59
[06-Nov-2018 22:42:34 UTC] PHP Fatal error:  Maximum execution time of 300 seconds exceeded in /home/ubuntu/workspace/cst336/labs/lab3/index.php on line 46
[06-Nov-2018 22:42:34 UTC] PHP Stack trace:
[06-Nov-2018 22:42:34 UTC] PHP   1. {main}() /home/ubuntu/workspace/cst336/labs/lab3/index.php:0
[06-Nov-2018 22:43:25 UTC] PHP Fatal error:  Maximum execution time of 300 seconds exceeded in /home/ubuntu/workspace/cst336/labs/lab3/index.php on line 46
[06-Nov-2018 22:43:25 UTC] PHP Stack trace:
[06-Nov-2018 22:43:25 UTC] PHP   1. {main}() /home/ubuntu/workspace/cst336/labs/lab3/index.php:0
[06-Nov-2018 22:50:13 UTC] PHP Parse error:  syntax error, unexpected end of file in /home/ubuntu/workspace/cst336/labs/lab3/index.php on line 59
[06-Nov-2018 22:51:12 UTC] PHP Parse error:  syntax error, unexpected end of file in /home/ubuntu/workspace/cst336/labs/lab3/index.php on line 59
[06-Nov-2018 22:51:14 UTC] PHP Parse error:  syntax error, unexpected end of file in /home/ubuntu/workspace/cst336/labs/lab3/index.php on line 59
[07-Nov-2018 05:40:45 UTC] PHP Fatal error:  Maximum execution time of 300 seconds exceeded in /home/ubuntu/workspace/cst336/labs/lab3/index.php on line 58
[07-Nov-2018 05:40:45 UTC] PHP Stack trace:
[07-Nov-2018 05:40:45 UTC] PHP   1. {main}() /home/ubuntu/workspace/cst336/labs/lab3/index.php:0
[07-Nov-2018 05:51:09 UTC] PHP Parse error:  syntax error, unexpected '}' in /home/ubuntu/workspace/cst336/labs/lab3/index.php on line 90
[13-Nov-2018 06:21:10 UTC] PHP Parse error:  syntax error, unexpected 'echo' (T_ECHO), expecting ',' or ';' in /home/ubuntu/workspace/cst336/labs/scart/index.php on line 14
[13-Nov-2018 17:35:53 UTC] PHP Fatal error:  Cannot use [] for reading in /home/ubuntu/workspace/cst336/labs/scart/functions.php on line 10
[13-Nov-2018 17:35:53 UTC] PHP Stack trace:
[13-Nov-2018 17:35:53 UTC] PHP   1. {main}() /home/ubuntu/workspace/cst336/labs/scart/index.php:0
[13-Nov-2018 17:37:09 UTC] PHP Parse error:  syntax error, unexpected '$items' (T_VARIABLE), expecting ',' or ';' in /home/ubuntu/workspace/cst336/labs/scart/functions.php on line 10
[13-Nov-2018 17:37:09 UTC] PHP Stack trace:
[13-Nov-2018 17:37:09 UTC] PHP   1. {main}() /home/ubuntu/workspace/cst336/labs/scart/index.php:0
[13-Nov-2018 17:40:33 UTC] PHP Parse error:  syntax error, unexpected ''checking'' (T_CONSTANT_ENCAPSED_STRING), expecting ',' or ';' in /home/ubuntu/workspace/cst336/labs/scart/functions.php on line 10
[13-Nov-2018 17:40:33 UTC] PHP Stack trace:
[13-Nov-2018 17:40:33 UTC] PHP   1. {main}() /home/ubuntu/workspace/cst336/labs/scart/index.php:0
[13-Nov-2018 17:40:43 UTC] PHP Parse error:  syntax error, unexpected ''checking'' (T_CONSTANT_ENCAPSED_STRING), expecting ',' or ';' in /home/ubuntu/workspace/cst336/labs/scart/functions.php on line 10
[13-Nov-2018 17:40:44 UTC] PHP Stack trace:
[13-Nov-2018 17:40:44 UTC] PHP   1. {main}() /home/ubuntu/workspace/cst336/labs/scart/index.php:0
[13-Nov-2018 17:40:46 UTC] PHP Parse error:  syntax error, unexpected ''checking'' (T_CONSTANT_ENCAPSED_STRING), expecting ',' or ';' in /home/ubuntu/workspace/cst336/labs/scart/functions.php on line 10
[13-Nov-2018 17:40:46 UTC] PHP Stack trace:
[13-Nov-2018 17:40:46 UTC] PHP   1. {main}() /home/ubuntu/workspace/cst336/labs/scart/index.php:0
[13-Nov-2018 17:42:36 UTC] PHP Parse error:  syntax error, unexpected '>' in /home/ubuntu/workspace/cst336/labs/scart/functions.php on line 10
[13-Nov-2018 17:42:36 UTC] PHP Stack trace:
[13-Nov-2018 17:42:36 UTC] PHP   1. {main}() /home/ubuntu/workspace/cst336/labs/scart/index.php:0
[13-Nov-2018 17:42:37 UTC] PHP Parse error:  syntax error, unexpected '>' in /home/ubuntu/workspace/cst336/labs/scart/functions.php on line 10
[13-Nov-2018 17:42:37 UTC] PHP Stack trace:
[13-Nov-2018 17:42:37 UTC] PHP   1. {main}() /home/ubuntu/workspace/cst336/labs/scart/index.php:0
[13-Nov-2018 17:44:31 UTC] PHP Parse error:  syntax error, unexpected '$items' (T_VARIABLE), expecting ',' or ';' in /home/ubuntu/workspace/cst336/labs/scart/functions.php on line 10
[13-Nov-2018 17:44:31 UTC] PHP Stack trace:
[13-Nov-2018 17:44:31 UTC] PHP   1. {main}() /home/ubuntu/workspace/cst336/labs/scart/index.php:0
[13-Nov-2018 17:44:52 UTC] PHP Parse error:  syntax error, unexpected '$items' (T_VARIABLE), expecting ',' or ';' in /home/ubuntu/workspace/cst336/labs/scart/functions.php on line 10
[13-Nov-2018 17:44:52 UTC] PHP Stack trace:
[13-Nov-2018 17:44:52 UTC] PHP   1. {main}() /home/ubuntu/workspace/cst336/labs/scart/index.php:0
[13-Nov-2018 17:45:03 UTC] PHP Parse error:  syntax error, unexpected end of file in /home/ubuntu/workspace/cst336/labs/scart/functions.php on line 16
[13-Nov-2018 17:45:03 UTC] PHP Stack trace:
[13-Nov-2018 17:45:03 UTC] PHP   1. {main}() /home/ubuntu/workspace/cst336/labs/scart/index.php:0
[13-Nov-2018 17:45:19 UTC] PHP Parse error:  syntax error, unexpected end of file in /home/ubuntu/workspace/cst336/labs/scart/functions.php on line 16
[13-Nov-2018 17:45:19 UTC] PHP Stack trace:
[13-Nov-2018 17:45:19 UTC] PHP   1. {main}() /home/ubuntu/workspace/cst336/labs/scart/index.php:0
[13-Nov-2018 17:46:37 UTC] PHP Parse error:  syntax error, unexpected end of file in /home/ubuntu/workspace/cst336/labs/scart/functions.php on line 16
[13-Nov-2018 17:46:37 UTC] PHP Stack trace:
[13-Nov-2018 17:46:37 UTC] PHP   1. {main}() /home/ubuntu/workspace/cst336/labs/scart/index.php:0
[13-Nov-2018 18:29:31 UTC] PHP Warning:  array_push() expects parameter 1 to be array, string given in /home/ubuntu/workspace/cst336/labs/scart/index.php on line 15
[13-Nov-2018 18:29:31 UTC] PHP Stack trace:
[13-Nov-2018 18:29:31 UTC] PHP   1. {main}() /home/ubuntu/workspace/cst336/labs/scart/index.php:0
[13-Nov-2018 18:29:31 UTC] PHP   2. array_push() /home/ubuntu/workspace/cst336/labs/scart/index.php:15
[13-Nov-2018 18:29:34 UTC] PHP Warning:  array_push() expects parameter 1 to be array, string given in /home/ubuntu/workspace/cst336/labs/scart/index.php on line 15
[13-Nov-2018 18:29:34 UTC] PHP Stack trace:
[13-Nov-2018 18:29:34 UTC] PHP   1. {main}() /home/ubuntu/workspace/cst336/labs/scart/index.php:0
[13-Nov-2018 18:29:34 UTC] PHP   2. array_push() /home/ubuntu/workspace/cst336/labs/scart/index.php:15
[13-Nov-2018 18:36:32 UTC] PHP Warning:  array_push() expects parameter 1 to be array, string given in /home/ubuntu/workspace/cst336/labs/scart/index.php on line 16
[13-Nov-2018 18:36:32 UTC] PHP Stack trace:
[13-Nov-2018 18:36:32 UTC] PHP   1. {main}() /home/ubuntu/workspace/cst336/labs/scart/index.php:0
[13-Nov-2018 18:36:32 UTC] PHP   2. array_push() /home/ubuntu/workspace/cst336/labs/scart/index.php:16
[13-Nov-2018 18:36:34 UTC] PHP Warning:  Invalid argument supplied for foreach() in /home/ubuntu/workspace/cst336/labs/scart/functions.php on line 44
[13-Nov-2018 18:36:34 UTC] PHP Stack trace:
[13-Nov-2018 18:36:34 UTC] PHP   1. {main}() /home/ubuntu/workspace/cst336/labs/scart/scart.php:0
[13-Nov-2018 18:36:34 UTC] PHP   2. displayCart() /home/ubuntu/workspace/cst336/labs/scart/scart.php:40
[13-Nov-2018 18:42:18 UTC] PHP Warning:  Invalid argument supplied for foreach() in /home/ubuntu/workspace/cst336/labs/scart/functions.php on line 44
[13-Nov-2018 18:42:18 UTC] PHP Stack trace:
[13-Nov-2018 18:42:18 UTC] PHP   1. {main}() /home/ubuntu/workspace/cst336/labs/scart/scart.php:0
[13-Nov-2018 18:42:18 UTC] PHP   2. displayCart() /home/ubuntu/workspace/cst336/labs/scart/scart.php:37
[13-Nov-2018 18:42:21 UTC] PHP Warning:  Invalid argument supplied for foreach() in /home/ubuntu/workspace/cst336/labs/scart/functions.php on line 44
[13-Nov-2018 18:42:21 UTC] PHP Stack trace:
[13-Nov-2018 18:42:21 UTC] PHP   1. {main}() /home/ubuntu/workspace/cst336/labs/scart/scart.php:0
[13-Nov-2018 18:42:21 UTC] PHP   2. displayCart() /home/ubuntu/workspace/cst336/labs/scart/scart.php:37
[13-Nov-2018 18:42:51 UTC] PHP Warning:  Invalid argument supplied for foreach() in /home/ubuntu/workspace/cst336/labs/scart/functions.php on line 44
[13-Nov-2018 18:42:51 UTC] PHP Stack trace:
[13-Nov-2018 18:42:51 UTC] PHP   1. {main}() /home/ubuntu/workspace/cst336/labs/scart/scart.php:0
[13-Nov-2018 18:42:51 UTC] PHP   2. displayCart() /home/ubuntu/workspace/cst336/labs/scart/scart.php:37
[13-Nov-2018 18:49:31 UTC] PHP Warning:  Invalid argument supplied for foreach() in /home/ubuntu/workspace/cst336/labs/scart/functions.php on line 45
[13-Nov-2018 18:49:31 UTC] PHP Stack trace:
[13-Nov-2018 18:49:31 UTC] PHP   1. {main}() /home/ubuntu/workspace/cst336/labs/scart/scart.php:0
[13-Nov-2018 18:49:31 UTC] PHP   2. displayCart() /home/ubuntu/workspace/cst336/labs/scart/scart.php:37
[13-Nov-2018 18:52:29 UTC] PHP Warning:  array_push() expects parameter 1 to be array, string given in /home/ubuntu/workspace/cst336/labs/scart/index.php on line 25
[13-Nov-2018 18:52:29 UTC] PHP Stack trace:
[13-Nov-2018 18:52:29 UTC] PHP   1. {main}() /home/ubuntu/workspace/cst336/labs/scart/index.php:0
[13-Nov-2018 18:52:29 UTC] PHP   2. array_push() /home/ubuntu/workspace/cst336/labs/scart/index.php:25
[13-Nov-2018 18:55:10 UTC] PHP Warning:  array_push() expects parameter 1 to be array, string given in /home/ubuntu/workspace/cst336/labs/scart/index.php on line 26
[13-Nov-2018 18:55:10 UTC] PHP Stack trace:
[13-Nov-2018 18:55:10 UTC] PHP   1. {main}() /home/ubuntu/workspace/cst336/labs/scart/index.php:0
[13-Nov-2018 18:55:10 UTC] PHP   2. array_push() /home/ubuntu/workspace/cst336/labs/scart/index.php:26
[13-Nov-2018 18:55:40 UTC] PHP Warning:  array_push() expects parameter 1 to be array, string given in /home/ubuntu/workspace/cst336/labs/scart/index.php on line 26
[13-Nov-2018 18:55:40 UTC] PHP Stack trace:
[13-Nov-2018 18:55:40 UTC] PHP   1. {main}() /home/ubuntu/workspace/cst336/labs/scart/index.php:0
[13-Nov-2018 18:55:40 UTC] PHP   2. array_push() /home/ubuntu/workspace/cst336/labs/scart/index.php:26
[13-Nov-2018 18:56:25 UTC] PHP Warning:  array_push() expects parameter 1 to be array, string given in /home/ubuntu/workspace/cst336/labs/scart/index.php on line 26
[13-Nov-2018 18:56:25 UTC] PHP Stack trace:
[13-Nov-2018 18:56:25 UTC] PHP   1. {main}() /home/ubuntu/workspace/cst336/labs/scart/index.php:0
[13-Nov-2018 18:56:25 UTC] PHP   2. array_push() /home/ubuntu/workspace/cst336/labs/scart/index.php:26
[13-Nov-2018 18:57:15 UTC] PHP Warning:  array_push() expects parameter 1 to be array, string given in /home/ubuntu/workspace/cst336/labs/scart/index.php on line 27
[13-Nov-2018 18:57:15 UTC] PHP Stack trace:
[13-Nov-2018 18:57:15 UTC] PHP   1. {main}() /home/ubuntu/workspace/cst336/labs/scart/index.php:0
[13-Nov-2018 18:57:15 UTC] PHP   2. array_push() /home/ubuntu/workspace/cst336/labs/scart/index.php:27
[13-Nov-2018 19:22:08 UTC] PHP Parse error:  syntax error, unexpected '']);' (T_CONSTANT_ENCAPSED_STRING) in /home/ubuntu/workspace/cst336/labs/scart/index.php on line 51
[13-Nov-2018 19:24:17 UTC] PHP Warning:  Illegal string offset 'name' in /home/ubuntu/workspace/cst336/labs/scart/functions.php on line 50
[13-Nov-2018 19:24:17 UTC] PHP Stack trace:
[13-Nov-2018 19:24:17 UTC] PHP   1. {main}() /home/ubuntu/workspace/cst336/labs/scart/scart.php:0
[13-Nov-2018 19:24:17 UTC] PHP   2. displayCart() /home/ubuntu/workspace/cst336/labs/scart/scart.php:37
[13-Nov-2018 19:24:17 UTC] PHP Warning:  Illegal string offset 'price' in /home/ubuntu/workspace/cst336/labs/scart/functions.php on line 51
[13-Nov-2018 19:24:17 UTC] PHP Stack trace:
[13-Nov-2018 19:24:17 UTC] PHP   1. {main}() /home/ubuntu/workspace/cst336/labs/scart/scart.php:0
[13-Nov-2018 19:24:17 UTC] PHP   2. displayCart() /home/ubuntu/workspace/cst336/labs/scart/scart.php:37
[13-Nov-2018 19:24:17 UTC] PHP Warning:  Illegal string offset 'image' in /home/ubuntu/workspace/cst336/labs/scart/functions.php on line 52
[13-Nov-2018 19:24:17 UTC] PHP Stack trace:
[13-Nov-2018 19:24:17 UTC] PHP   1. {main}() /home/ubuntu/workspace/cst336/labs/scart/scart.php:0
[13-Nov-2018 19:24:17 UTC] PHP   2. displayCart() /home/ubuntu/workspace/cst336/labs/scart/scart.php:37
[13-Nov-2018 19:24:17 UTC] PHP Warning:  Illegal string offset 'id' in /home/ubuntu/workspace/cst336/labs/scart/functions.php on line 53
[13-Nov-2018 19:24:17 UTC] PHP Stack trace:
[13-Nov-2018 19:24:17 UTC] PHP   1. {main}() /home/ubuntu/workspace/cst336/labs/scart/scart.php:0
[13-Nov-2018 19:24:17 UTC] PHP   2. displayCart() /home/ubuntu/workspace/cst336/labs/scart/scart.php:37
[13-Nov-2018 19:24:17 UTC] PHP Warning:  Illegal string offset 'name' in /home/ubuntu/workspace/cst336/labs/scart/functions.php on line 50
[13-Nov-2018 19:24:17 UTC] PHP Stack trace:
[13-Nov-2018 19:24:17 UTC] PHP   1. {main}() /home/ubuntu/workspace/cst336/labs/scart/scart.php:0
[13-Nov-2018 19:24:17 UTC] PHP   2. displayCart() /home/ubuntu/workspace/cst336/labs/scart/scart.php:37
[13-Nov-2018 19:24:17 UTC] PHP Warning:  Illegal string offset 'price' in /home/ubuntu/workspace/cst336/labs/scart/functions.php on line 51
[13-Nov-2018 19:24:17 UTC] PHP Stack trace:
[13-Nov-2018 19:24:17 UTC] PHP   1. {main}() /home/ubuntu/workspace/cst336/labs/scart/scart.php:0
[13-Nov-2018 19:24:17 UTC] PHP   2. displayCart() /home/ubuntu/workspace/cst336/labs/scart/scart.php:37
[13-Nov-2018 19:24:17 UTC] PHP Warning:  Illegal string offset 'image' in /home/ubuntu/workspace/cst336/labs/scart/functions.php on line 52
[13-Nov-2018 19:24:17 UTC] PHP Stack trace:
[13-Nov-2018 19:24:17 UTC] PHP   1. {main}() /home/ubuntu/workspace/cst336/labs/scart/scart.php:0
[13-Nov-2018 19:24:17 UTC] PHP   2. displayCart() /home/ubuntu/workspace/cst336/labs/scart/scart.php:37
[13-Nov-2018 19:24:17 UTC] PHP Warning:  Illegal string offset 'id' in /home/ubuntu/workspace/cst336/labs/scart/functions.php on line 53
[13-Nov-2018 19:24:17 UTC] PHP Stack trace:
[13-Nov-2018 19:24:17 UTC] PHP   1. {main}() /home/ubuntu/workspace/cst336/labs/scart/scart.php:0
[13-Nov-2018 19:24:17 UTC] PHP   2. displayCart() /home/ubuntu/workspace/cst336/labs/scart/scart.php:37
[13-Nov-2018 19:24:17 UTC] PHP Warning:  Illegal string offset 'name' in /home/ubuntu/workspace/cst336/labs/scart/functions.php on line 50
[13-Nov-2018 19:24:17 UTC] PHP Stack trace:
[13-Nov-2018 19:24:17 UTC] PHP   1. {main}() /home/ubuntu/workspace/cst336/labs/scart/scart.php:0
[13-Nov-2018 19:24:17 UTC] PHP   2. displayCart() /home/ubuntu/workspace/cst336/labs/scart/scart.php:37
[13-Nov-2018 19:24:17 UTC] PHP Warning:  Illegal string offset 'price' in /home/ubuntu/workspace/cst336/labs/scart/functions.php on line 51
[13-Nov-2018 19:24:17 UTC] PHP Stack trace:
[13-Nov-2018 19:24:17 UTC] PHP   1. {main}() /home/ubuntu/workspace/cst336/labs/scart/scart.php:0
[13-Nov-2018 19:24:17 UTC] PHP   2. displayCart() /home/ubuntu/workspace/cst336/labs/scart/scart.php:37
[13-Nov-2018 19:24:17 UTC] PHP Warning:  Illegal string offset 'image' in /home/ubuntu/workspace/cst336/labs/scart/functions.php on line 52
[13-Nov-2018 19:24:17 UTC] PHP Stack trace:
[13-Nov-2018 19:24:17 UTC] PHP   1. {main}() /home/ubuntu/workspace/cst336/labs/scart/scart.php:0
[13-Nov-2018 19:24:17 UTC] PHP   2. displayCart() /home/ubuntu/workspace/cst336/labs/scart/scart.php:37
[13-Nov-2018 19:24:17 UTC] PHP Warning:  Illegal string offset 'id' in /home/ubuntu/workspace/cst336/labs/scart/functions.php on line 53
[13-Nov-2018 19:24:17 UTC] PHP Stack trace:
[13-Nov-2018 19:24:17 UTC] PHP   1. {main}() /home/ubuntu/workspace/cst336/labs/scart/scart.php:0
[13-Nov-2018 19:24:17 UTC] PHP   2. displayCart() /home/ubuntu/workspace/cst336/labs/scart/scart.php:37
[14-Nov-2018 02:26:35 UTC] PHP Parse error:  syntax error, unexpected '";' (T_CONSTANT_ENCAPSED_STRING), expecting ',' or ';' in /home/ubuntu/workspace/cst336/labs/lab5/index.php on line 24
[14-Nov-2018 02:27:10 UTC] PHP Fatal error:  Call to a member function setAttribute() on a non-object in /home/ubuntu/workspace/cst336/labs/lab5/dbConnection.php on line 12
[14-Nov-2018 02:27:10 UTC] PHP Stack trace:
[14-Nov-2018 02:27:10 UTC] PHP   1. {main}() /home/ubuntu/workspace/cst336/labs/lab5/index.php:0
[14-Nov-2018 02:27:10 UTC] PHP   2. getDatabaseConnection() /home/ubuntu/workspace/cst336/labs/lab5/index.php:3
[14-Nov-2018 02:28:48 UTC] PHP Warning:  include(/dbConnection.php): failed to open stream: No such file or directory in /home/ubuntu/workspace/cst336/labs/lab5/index.php on line 2
[14-Nov-2018 02:28:48 UTC] PHP Stack trace:
[14-Nov-2018 02:28:48 UTC] PHP   1. {main}() /home/ubuntu/workspace/cst336/labs/lab5/index.php:0
[14-Nov-2018 02:28:48 UTC] PHP Warning:  include(): Failed opening '/dbConnection.php' for inclusion (include_path='.:/usr/share/php:/usr/share/pear') in /home/ubuntu/workspace/cst336/labs/lab5/index.php on line 2
[14-Nov-2018 02:28:48 UTC] PHP Stack trace:
[14-Nov-2018 02:28:48 UTC] PHP   1. {main}() /home/ubuntu/workspace/cst336/labs/lab5/index.php:0
[14-Nov-2018 02:28:48 UTC] PHP Fatal error:  Call to undefined function getDatabaseConnection() in /home/ubuntu/workspace/cst336/labs/lab5/index.php on line 3
[14-Nov-2018 02:28:48 UTC] PHP Stack trace:
[14-Nov-2018 02:28:48 UTC] PHP   1. {main}() /home/ubuntu/workspace/cst336/labs/lab5/index.php:0
[14-Nov-2018 02:29:49 UTC] PHP Warning:  include(../dbConnection.php): failed to open stream: No such file or directory in /home/ubuntu/workspace/cst336/labs/lab5/index.php on line 2
[14-Nov-2018 02:29:49 UTC] PHP Stack trace:
[14-Nov-2018 02:29:49 UTC] PHP   1. {main}() /home/ubuntu/workspace/cst336/labs/lab5/index.php:0
[14-Nov-2018 02:29:49 UTC] PHP Warning:  include(): Failed opening '../dbConnection.php' for inclusion (include_path='.:/usr/share/php:/usr/share/pear') in /home/ubuntu/workspace/cst336/labs/lab5/index.php on line 2
[14-Nov-2018 02:29:49 UTC] PHP Stack trace:
[14-Nov-2018 02:29:49 UTC] PHP   1. {main}() /home/ubuntu/workspace/cst336/labs/lab5/index.php:0
[14-Nov-2018 02:29:49 UTC] PHP Fatal error:  Call to undefined function getDatabaseConnection() in /home/ubuntu/workspace/cst336/labs/lab5/index.php on line 3
[14-Nov-2018 02:29:49 UTC] PHP Stack trace:
[14-Nov-2018 02:29:49 UTC] PHP   1. {main}() /home/ubuntu/workspace/cst336/labs/lab5/index.php:0
[14-Nov-2018 02:30:43 UTC] PHP Fatal error:  Call to a member function setAttribute() on a non-object in /home/ubuntu/workspace/cst336/labs/lab5/dbConnection.php on line 12
[14-Nov-2018 02:30:43 UTC] PHP Stack trace:
[14-Nov-2018 02:30:43 UTC] PHP   1. {main}() /home/ubuntu/workspace/cst336/labs/lab5/index.php:0
[14-Nov-2018 02:30:43 UTC] PHP   2. getDatabaseConnection() /home/ubuntu/workspace/cst336/labs/lab5/index.php:3
[14-Nov-2018 02:45:18 UTC] PHP Fatal error:  Call to a member function setAttribute() on a non-object in /home/ubuntu/workspace/cst336/labs/lab5/dbConnection.php on line 12
[14-Nov-2018 02:45:18 UTC] PHP Stack trace:
[14-Nov-2018 02:45:18 UTC] PHP   1. {main}() /home/ubuntu/workspace/cst336/labs/lab5/index.php:0
[14-Nov-2018 02:45:18 UTC] PHP   2. getDatabaseConnection() /home/ubuntu/workspace/cst336/labs/lab5/index.php:3
[14-Nov-2018 02:45:47 UTC] PHP Fatal error:  Uncaught exception 'PDOException' with message 'SQLSTATE[42000]: Syntax error or access violation: 1064 You have an error in your SQL syntax; check the manual that corresponds to your MySQL server version for the right syntax to use near 'from om_category ORDER BY catName' at line 1' in /home/ubuntu/workspace/cst336/labs/lab5/index.php:11
Stack trace:
#0 /home/ubuntu/workspace/cst336/labs/lab5/index.php(11): PDOStatement->execute()
#1 /home/ubuntu/workspace/cst336/labs/lab5/index.php(35): displayCategories()
#2 {main}
  thrown in /home/ubuntu/workspace/cst336/labs/lab5/index.php on line 11
[14-Nov-2018 02:46:02 UTC] PHP Fatal error:  Uncaught exception 'PDOException' with message 'SQLSTATE[42000]: Syntax error or access violation: 1064 You have an error in your SQL syntax; check the manual that corresponds to your MySQL server version for the right syntax to use near 'from om_category ORDER BY catName' at line 1' in /home/ubuntu/workspace/cst336/labs/lab5/index.php:11
Stack trace:
#0 /home/ubuntu/workspace/cst336/labs/lab5/index.php(11): PDOStatement->execute()
#1 /home/ubuntu/workspace/cst336/labs/lab5/index.php(35): displayCategories()
#2 {main}
  thrown in /home/ubuntu/workspace/cst336/labs/lab5/index.php on line 11
[14-Nov-2018 02:46:28 UTC] PHP Fatal error:  Uncaught exception 'PDOException' with message 'SQLSTATE[42000]: Syntax error or access violation: 1064 You have an error in your SQL syntax; check the manual that corresponds to your MySQL server version for the right syntax to use near 'from om_category ORDER BY catName' at line 1' in /home/ubuntu/workspace/cst336/labs/lab5/index.php:11
Stack trace:
#0 /home/ubuntu/workspace/cst336/labs/lab5/index.php(11): PDOStatement->execute()
#1 /home/ubuntu/workspace/cst336/labs/lab5/index.php(35): displayCategories()
#2 {main}
  thrown in /home/ubuntu/workspace/cst336/labs/lab5/index.php on line 11
[14-Nov-2018 02:46:54 UTC] PHP Fatal error:  Uncaught exception 'PDOException' with message 'SQLSTATE[42000]: Syntax error or access violation: 1064 You have an error in your SQL syntax; check the manual that corresponds to your MySQL server version for the right syntax to use near 'from om_category ORDER BY catName' at line 1' in /home/ubuntu/workspace/cst336/labs/lab5/index.php:11
Stack trace:
#0 /home/ubuntu/workspace/cst336/labs/lab5/index.php(11): PDOStatement->execute()
#1 /home/ubuntu/workspace/cst336/labs/lab5/index.php(36): displayCategories()
#2 {main}
  thrown in /home/ubuntu/workspace/cst336/labs/lab5/index.php on line 11
[14-Nov-2018 02:50:19 UTC] PHP Fatal error:  Uncaught exception 'PDOException' with message 'SQLSTATE[42000]: Syntax error or access violation: 1064 You have an error in your SQL syntax; check the manual that corresponds to your MySQL server version for the right syntax to use near 'from om_category ORDER BY catName' at line 1' in /home/ubuntu/workspace/cst336/labs/lab5/index.php:11
Stack trace:
#0 /home/ubuntu/workspace/cst336/labs/lab5/index.php(11): PDOStatement->execute()
#1 /home/ubuntu/workspace/cst336/labs/lab5/index.php(50): displayCategories()
#2 {main}
  thrown in /home/ubuntu/workspace/cst336/labs/lab5/index.php on line 11
[14-Nov-2018 02:52:02 UTC] PHP Fatal error:  Uncaught exception 'PDOException' with message 'SQLSTATE[42000]: Syntax error or access violation: 1064 You have an error in your SQL syntax; check the manual that corresponds to your MySQL server version for the right syntax to use near 'from `om_category` ORDER BY catName' at line 1' in /home/ubuntu/workspace/cst336/labs/lab5/index.php:11
Stack trace:
#0 /home/ubuntu/workspace/cst336/labs/lab5/index.php(11): PDOStatement->execute()
#1 /home/ubuntu/workspace/cst336/labs/lab5/index.php(50): displayCategories()
#2 {main}
  thrown in /home/ubuntu/workspace/cst336/labs/lab5/index.php on line 11
[14-Nov-2018 02:52:45 UTC] PHP Fatal error:  Uncaught exception 'PDOException' with message 'SQLSTATE[42000]: Syntax error or access violation: 1064 You have an error in your SQL syntax; check the manual that corresponds to your MySQL server version for the right syntax to use near 'FROM `om_category` ORDER BY catName' at line 1' in /home/ubuntu/workspace/cst336/labs/lab5/index.php:11
Stack trace:
#0 /home/ubuntu/workspace/cst336/labs/lab5/index.php(11): PDOStatement->execute()
#1 /home/ubuntu/workspace/cst336/labs/lab5/index.php(50): displayCategories()
#2 {main}
  thrown in /home/ubuntu/workspace/cst336/labs/lab5/index.php on line 11
[14-Nov-2018 02:53:16 UTC] PHP Fatal error:  Uncaught exception 'PDOException' with message 'SQLSTATE[42000]: Syntax error or access violation: 1064 You have an error in your SQL syntax; check the manual that corresponds to your MySQL server version for the right syntax to use near 'FROM 'om_category' ORDER BY catName' at line 1' in /home/ubuntu/workspace/cst336/labs/lab5/index.php:11
Stack trace:
#0 /home/ubuntu/workspace/cst336/labs/lab5/index.php(11): PDOStatement->execute()
#1 /home/ubuntu/workspace/cst336/labs/lab5/index.php(50): displayCategories()
#2 {main}
  thrown in /home/ubuntu/workspace/cst336/labs/lab5/index.php on line 11
[14-Nov-2018 02:56:16 UTC] PHP Fatal error:  Uncaught exception 'PDOException' with message 'SQLSTATE[42000]: Syntax error or access violation: 1064 You have an error in your SQL syntax; check the manual that corresponds to your MySQL server version for the right syntax to use near 'FROM `om_category` ORDER BY catName' at line 1' in /home/ubuntu/workspace/cst336/labs/lab5/index.php:11
Stack trace:
#0 /home/ubuntu/workspace/cst336/labs/lab5/index.php(11): PDOStatement->execute()
#1 /home/ubuntu/workspace/cst336/labs/lab5/index.php(50): displayCategories()
#2 {main}
  thrown in /home/ubuntu/workspace/cst336/labs/lab5/index.php on line 11
[14-Nov-2018 02:58:21 UTC] PHP Fatal error:  Uncaught exception 'PDOException' with message 'SQLSTATE[42000]: Syntax error or access violation: 1064 You have an error in your SQL syntax; check the manual that corresponds to your MySQL server version for the right syntax to use near 'FROM `om_category` ORDER BY catName' at line 1' in /home/ubuntu/workspace/cst336/labs/lab5/index.php:11
Stack trace:
#0 /home/ubuntu/workspace/cst336/labs/lab5/index.php(11): PDOStatement->execute()
#1 /home/ubuntu/workspace/cst336/labs/lab5/index.php(50): displayCategories()
#2 {main}
  thrown in /home/ubuntu/workspace/cst336/labs/lab5/index.php on line 11
[14-Nov-2018 04:09:20 UTC] PHP Fatal error:  Uncaught exception 'PDOException' with message 'SQLSTATE[42000]: Syntax error or access violation: 1064 You have an error in your SQL syntax; check the manual that corresponds to your MySQL server version for the right syntax to use near 'productName LIKE '%cook%'' at line 1' in /home/ubuntu/workspace/cst336/labs/lab5/index.php:36
Stack trace:
#0 /home/ubuntu/workspace/cst336/labs/lab5/index.php(36): PDOStatement->execute(Array)
#1 /home/ubuntu/workspace/cst336/labs/lab5/index.php(80): displaySearchResults()
#2 {main}
  thrown in /home/ubuntu/workspace/cst336/labs/lab5/index.php on line 36
[17-Nov-2018 06:55:44 UTC] PHP Warning:  include(../dbConnection.php): failed to open stream: No such file or directory in /home/ubuntu/workspace/cst336/labs/lab7/loginProcess.php on line 3
[17-Nov-2018 06:55:44 UTC] PHP Stack trace:
[17-Nov-2018 06:55:44 UTC] PHP   1. {main}() /home/ubuntu/workspace/cst336/labs/lab7/loginProcess.php:0
[17-Nov-2018 06:55:44 UTC] PHP Warning:  include(): Failed opening '../dbConnection.php' for inclusion (include_path='.:/usr/share/php:/usr/share/pear') in /home/ubuntu/workspace/cst336/labs/lab7/loginProcess.php on line 3
[17-Nov-2018 06:55:44 UTC] PHP Stack trace:
[17-Nov-2018 06:55:44 UTC] PHP   1. {main}() /home/ubuntu/workspace/cst336/labs/lab7/loginProcess.php:0
[17-Nov-2018 06:55:44 UTC] PHP Fatal error:  Call to undefined function getDatabaseConnection() in /home/ubuntu/workspace/cst336/labs/lab7/loginProcess.php on line 5
[17-Nov-2018 06:55:44 UTC] PHP Stack trace:
[17-Nov-2018 06:55:44 UTC] PHP   1. {main}() /home/ubuntu/workspace/cst336/labs/lab7/loginProcess.php:0
[17-Nov-2018 06:56:35 UTC] PHP Warning:  include(../../dbConnection.php): failed to open stream: No such file or directory in /home/ubuntu/workspace/cst336/labs/lab7/loginProcess.php on line 3
[17-Nov-2018 06:56:35 UTC] PHP Stack trace:
[17-Nov-2018 06:56:35 UTC] PHP   1. {main}() /home/ubuntu/workspace/cst336/labs/lab7/loginProcess.php:0
[17-Nov-2018 06:56:35 UTC] PHP Warning:  include(): Failed opening '../../dbConnection.php' for inclusion (include_path='.:/usr/share/php:/usr/share/pear') in /home/ubuntu/workspace/cst336/labs/lab7/loginProcess.php on line 3
[17-Nov-2018 06:56:35 UTC] PHP Stack trace:
[17-Nov-2018 06:56:35 UTC] PHP   1. {main}() /home/ubuntu/workspace/cst336/labs/lab7/loginProcess.php:0
[17-Nov-2018 06:56:35 UTC] PHP Fatal error:  Call to undefined function getDatabaseConnection() in /home/ubuntu/workspace/cst336/labs/lab7/loginProcess.php on line 5
[17-Nov-2018 06:56:35 UTC] PHP Stack trace:
[17-Nov-2018 06:56:35 UTC] PHP   1. {main}() /home/ubuntu/workspace/cst336/labs/lab7/loginProcess.php:0
[17-Nov-2018 06:57:27 UTC] PHP Warning:  include(/lab5/dbConnection.php): failed to open stream: No such file or directory in /home/ubuntu/workspace/cst336/labs/lab7/loginProcess.php on line 3
[17-Nov-2018 06:57:27 UTC] PHP Stack trace:
[17-Nov-2018 06:57:27 UTC] PHP   1. {main}() /home/ubuntu/workspace/cst336/labs/lab7/loginProcess.php:0
[17-Nov-2018 06:57:27 UTC] PHP Warning:  include(): Failed opening '/lab5/dbConnection.php' for inclusion (include_path='.:/usr/share/php:/usr/share/pear') in /home/ubuntu/workspace/cst336/labs/lab7/loginProcess.php on line 3
[17-Nov-2018 06:57:27 UTC] PHP Stack trace:
[17-Nov-2018 06:57:27 UTC] PHP   1. {main}() /home/ubuntu/workspace/cst336/labs/lab7/loginProcess.php:0
[17-Nov-2018 06:57:27 UTC] PHP Fatal error:  Call to undefined function getDatabaseConnection() in /home/ubuntu/workspace/cst336/labs/lab7/loginProcess.php on line 5
[17-Nov-2018 06:57:27 UTC] PHP Stack trace:
[17-Nov-2018 06:57:27 UTC] PHP   1. {main}() /home/ubuntu/workspace/cst336/labs/lab7/loginProcess.php:0
[19-Nov-2018 06:33:37 UTC] PHP Fatal error:  Call to undefined function getCategories() in /home/ubuntu/workspace/cst336/labs/lab7/addProduct.php on line 9
[19-Nov-2018 06:33:37 UTC] PHP Stack trace:
[19-Nov-2018 06:33:37 UTC] PHP   1. {main}() /home/ubuntu/workspace/cst336/labs/lab7/addProduct.php:0
[19-Nov-2018 06:40:11 UTC] PHP Warning:  PDO::prepare() expects at least 1 parameter, 0 given in /home/ubuntu/workspace/cst336/labs/lab7/addProduct.php on line 10
[19-Nov-2018 06:40:11 UTC] PHP Stack trace:
[19-Nov-2018 06:40:11 UTC] PHP   1. {main}() /home/ubuntu/workspace/cst336/labs/lab7/addProduct.php:0
[19-Nov-2018 06:40:11 UTC] PHP   2. getCategories() /home/ubuntu/workspace/cst336/labs/lab7/addProduct.php:27
[19-Nov-2018 06:40:11 UTC] PHP   3. PDO->prepare() /home/ubuntu/workspace/cst336/labs/lab7/addProduct.php:10
[19-Nov-2018 06:40:11 UTC] PHP Fatal error:  Call to a member function execute() on a non-object in /home/ubuntu/workspace/cst336/labs/lab7/addProduct.php on line 11
[19-Nov-2018 06:40:11 UTC] PHP Stack trace:
[19-Nov-2018 06:40:11 UTC] PHP   1. {main}() /home/ubuntu/workspace/cst336/labs/lab7/addProduct.php:0
[19-Nov-2018 06:40:11 UTC] PHP   2. getCategories() /home/ubuntu/workspace/cst336/labs/lab7/addProduct.php:27
[19-Nov-2018 17:05:09 UTC] PHP Fatal error:  Uncaught exception 'PDOException' with message 'SQLSTATE[42000]: Syntax error or access violation: 1064 You have an error in your SQL syntax; check the manual that corresponds to your MySQL server version for the right syntax to use near 'productName, productDescription, productImage, price, catId 
            VALUES ' at line 1' in /home/ubuntu/workspace/cst336/labs/lab7/addProduct.php:52
Stack trace:
#0 /home/ubuntu/workspace/cst336/labs/lab7/addProduct.php(52): PDOStatement->execute(Array)
#1 {main}
  thrown in /home/ubuntu/workspace/cst336/labs/lab7/addProduct.php on line 52
[19-Nov-2018 17:06:30 UTC] PHP Fatal error:  Uncaught exception 'PDOException' with message 'SQLSTATE[42000]: Syntax error or access violation: 1064 You have an error in your SQL syntax; check the manual that corresponds to your MySQL server version for the right syntax to use near 'productName, productDescription, productImage, price, catId 
            VALUES ' at line 1' in /home/ubuntu/workspace/cst336/labs/lab7/addProduct.php:52
Stack trace:
#0 /home/ubuntu/workspace/cst336/labs/lab7/addProduct.php(52): PDOStatement->execute(Array)
#1 {main}
  thrown in /home/ubuntu/workspace/cst336/labs/lab7/addProduct.php on line 52
[19-Nov-2018 18:55:23 UTC] PHP Fatal error:  Uncaught exception 'PDOException' with message 'SQLSTATE[42000]: Syntax error or access violation: 1064 You have an error in your SQL syntax; check the manual that corresponds to your MySQL server version for the right syntax to use near '' at line 1' in /home/ubuntu/workspace/cst336/labs/lab7/updateProduct.php:20
Stack trace:
#0 /home/ubuntu/workspace/cst336/labs/lab7/updateProduct.php(20): PDOStatement->execute()
#1 /home/ubuntu/workspace/cst336/labs/lab7/updateProduct.php(12): getProductInfo()
#2 {main}
  thrown in /home/ubuntu/workspace/cst336/labs/lab7/updateProduct.php on line 20
[19-Nov-2018 19:14:28 UTC] PHP Fatal error:  Uncaught exception 'PDOException' with message 'SQLSTATE[42000]: Syntax error or access violation: 1064 You have an error in your SQL syntax; check the manual that corresponds to your MySQL server version for the right syntax to use near '' at line 1' in /home/ubuntu/workspace/cst336/labs/lab7/updateProduct.php:43
Stack trace:
#0 /home/ubuntu/workspace/cst336/labs/lab7/updateProduct.php(43): PDOStatement->execute()
#1 /home/ubuntu/workspace/cst336/labs/lab7/updateProduct.php(35): getProductInfo()
#2 {main}
  thrown in /home/ubuntu/workspace/cst336/labs/lab7/updateProduct.php on line 43
[19-Nov-2018 19:18:14 UTC] PHP Fatal error:  Uncaught exception 'PDOException' with message 'SQLSTATE[42000]: Syntax error or access violation: 1064 You have an error in your SQL syntax; check the manual that corresponds to your MySQL server version for the right syntax to use near '' at line 1' in /home/ubuntu/workspace/cst336/labs/lab7/updateProduct.php:43
Stack trace:
#0 /home/ubuntu/workspace/cst336/labs/lab7/updateProduct.php(43): PDOStatement->execute()
#1 /home/ubuntu/workspace/cst336/labs/lab7/updateProduct.php(35): getProductInfo()
#2 {main}
  thrown in /home/ubuntu/workspace/cst336/labs/lab7/updateProduct.php on line 43
[19-Nov-2018 19:20:13 UTC] PHP Fatal error:  Uncaught exception 'PDOException' with message 'SQLSTATE[42000]: Syntax error or access violation: 1064 You have an error in your SQL syntax; check the manual that corresponds to your MySQL server version for the right syntax to use near '' at line 1' in /home/ubuntu/workspace/cst336/labs/lab7/updateProduct.php:43
Stack trace:
#0 /home/ubuntu/workspace/cst336/labs/lab7/updateProduct.php(43): PDOStatement->execute()
#1 /home/ubuntu/workspace/cst336/labs/lab7/updateProduct.php(35): getProductInfo()
#2 {main}
  thrown in /home/ubuntu/workspace/cst336/labs/lab7/updateProduct.php on line 43
[19-Nov-2018 19:22:57 UTC] PHP Fatal error:  Uncaught exception 'PDOException' with message 'SQLSTATE[42000]: Syntax error or access violation: 1064 You have an error in your SQL syntax; check the manual that corresponds to your MySQL server version for the right syntax to use near '' at line 1' in /home/ubuntu/workspace/cst336/labs/lab7/updateProduct.php:43
Stack trace:
#0 /home/ubuntu/workspace/cst336/labs/lab7/updateProduct.php(43): PDOStatement->execute()
#1 /home/ubuntu/workspace/cst336/labs/lab7/updateProduct.php(35): getProductInfo()
#2 {main}
  thrown in /home/ubuntu/workspace/cst336/labs/lab7/updateProduct.php on line 43
[19-Nov-2018 19:29:51 UTC] PHP Fatal error:  Uncaught exception 'PDOException' with message 'SQLSTATE[42000]: Syntax error or access violation: 1064 You have an error in your SQL syntax; check the manual that corresponds to your MySQL server version for the right syntax to use near '' at line 1' in /home/ubuntu/workspace/cst336/labs/lab7/updateProduct.php:45
Stack trace:
#0 /home/ubuntu/workspace/cst336/labs/lab7/updateProduct.php(45): PDOStatement->execute()
#1 /home/ubuntu/workspace/cst336/labs/lab7/updateProduct.php(37): getProductInfo()
#2 {main}
  thrown in /home/ubuntu/workspace/cst336/labs/lab7/updateProduct.php on line 45
[19-Nov-2018 19:33:10 UTC] PHP Fatal error:  Uncaught exception 'PDOException' with message 'SQLSTATE[42000]: Syntax error or access violation: 1064 You have an error in your SQL syntax; check the manual that corresponds to your MySQL server version for the right syntax to use near '' at line 1' in /home/ubuntu/workspace/cst336/labs/lab7/updateProduct.php:45
Stack trace:
#0 /home/ubuntu/workspace/cst336/labs/lab7/updateProduct.php(45): PDOStatement->execute()
#1 /home/ubuntu/workspace/cst336/labs/lab7/updateProduct.php(37): getProductInfo()
#2 {main}
  thrown in /home/ubuntu/workspace/cst336/labs/lab7/updateProduct.php on line 45
[19-Nov-2018 19:35:01 UTC] PHP Fatal error:  Uncaught exception 'PDOException' with message 'SQLSTATE[42000]: Syntax error or access violation: 1064 You have an error in your SQL syntax; check the manual that corresponds to your MySQL server version for the right syntax to use near '' at line 1' in /home/ubuntu/workspace/cst336/labs/lab7/updateProduct.php:46
Stack trace:
#0 /home/ubuntu/workspace/cst336/labs/lab7/updateProduct.php(46): PDOStatement->execute()
#1 /home/ubuntu/workspace/cst336/labs/lab7/updateProduct.php(38): getProductInfo()
#2 {main}
  thrown in /home/ubuntu/workspace/cst336/labs/lab7/updateProduct.php on line 46
[19-Nov-2018 19:36:42 UTC] PHP Fatal error:  Uncaught exception 'PDOException' with message 'SQLSTATE[42000]: Syntax error or access violation: 1064 You have an error in your SQL syntax; check the manual that corresponds to your MySQL server version for the right syntax to use near '' at line 1' in /home/ubuntu/workspace/cst336/labs/lab7/updateProduct.php:46
Stack trace:
#0 /home/ubuntu/workspace/cst336/labs/lab7/updateProduct.php(46): PDOStatement->execute()
#1 /home/ubuntu/workspace/cst336/labs/lab7/updateProduct.php(38): getProductInfo()
#2 {main}
  thrown in /home/ubuntu/workspace/cst336/labs/lab7/updateProduct.php on line 46
[19-Nov-2018 19:38:13 UTC] PHP Fatal error:  Uncaught exception 'PDOException' with message 'SQLSTATE[42000]: Syntax error or access violation: 1064 You have an error in your SQL syntax; check the manual that corresponds to your MySQL server version for the right syntax to use near '' at line 1' in /home/ubuntu/workspace/cst336/labs/lab7/updateProduct.php:46
Stack trace:
#0 /home/ubuntu/workspace/cst336/labs/lab7/updateProduct.php(46): PDOStatement->execute()
#1 /home/ubuntu/workspace/cst336/labs/lab7/updateProduct.php(38): getProductInfo()
#2 {main}
  thrown in /home/ubuntu/workspace/cst336/labs/lab7/updateProduct.php on line 46
[19-Nov-2018 19:44:11 UTC] PHP Fatal error:  Uncaught exception 'PDOException' with message 'SQLSTATE[42000]: Syntax error or access violation: 1064 You have an error in your SQL syntax; check the manual that corresponds to your MySQL server version for the right syntax to use near '' at line 1' in /home/ubuntu/workspace/cst336/labs/lab7/updateProduct.php:46
Stack trace:
#0 /home/ubuntu/workspace/cst336/labs/lab7/updateProduct.php(46): PDOStatement->execute()
#1 /home/ubuntu/workspace/cst336/labs/lab7/updateProduct.php(38): getProductInfo()
#2 {main}
  thrown in /home/ubuntu/workspace/cst336/labs/lab7/updateProduct.php on line 46
[19-Nov-2018 19:44:59 UTC] PHP Fatal error:  Uncaught exception 'PDOException' with message 'SQLSTATE[42000]: Syntax error or access violation: 1064 You have an error in your SQL syntax; check the manual that corresponds to your MySQL server version for the right syntax to use near '' at line 1' in /home/ubuntu/workspace/cst336/labs/lab7/updateProduct.php:46
Stack trace:
#0 /home/ubuntu/workspace/cst336/labs/lab7/updateProduct.php(46): PDOStatement->execute()
#1 /home/ubuntu/workspace/cst336/labs/lab7/updateProduct.php(38): getProductInfo()
#2 {main}
  thrown in /home/ubuntu/workspace/cst336/labs/lab7/updateProduct.php on line 46
[19-Nov-2018 19:47:23 UTC] PHP Warning:  Unterminated comment starting line 12 in /home/ubuntu/workspace/cst336/labs/lab7/updateProduct.php on line 12
[19-Nov-2018 19:47:46 UTC] PHP Fatal error:  Call to undefined function getCategories() in /home/ubuntu/workspace/cst336/labs/lab7/updateProduct.php on line 78
[19-Nov-2018 19:47:46 UTC] PHP Stack trace:
[19-Nov-2018 19:47:46 UTC] PHP   1. {main}() /home/ubuntu/workspace/cst336/labs/lab7/updateProduct.php:0
[19-Nov-2018 19:48:29 UTC] PHP Fatal error:  Call to undefined function getCategories() in /home/ubuntu/workspace/cst336/labs/lab7/updateProduct.php on line 78
[19-Nov-2018 19:48:29 UTC] PHP Stack trace:
[19-Nov-2018 19:48:29 UTC] PHP   1. {main}() /home/ubuntu/workspace/cst336/labs/lab7/updateProduct.php:0
[19-Nov-2018 19:49:07 UTC] PHP Fatal error:  Call to undefined function getCategories() in /home/ubuntu/workspace/cst336/labs/lab7/updateProduct.php on line 78
[19-Nov-2018 19:49:07 UTC] PHP Stack trace:
[19-Nov-2018 19:49:07 UTC] PHP   1. {main}() /home/ubuntu/workspace/cst336/labs/lab7/updateProduct.php:0
[19-Nov-2018 19:50:04 UTC] PHP Fatal error:  Call to undefined function getCategories() in /home/ubuntu/workspace/cst336/labs/lab7/updateProduct.php on line 78
[19-Nov-2018 19:50:04 UTC] PHP Stack trace:
[19-Nov-2018 19:50:04 UTC] PHP   1. {main}() /home/ubuntu/workspace/cst336/labs/lab7/updateProduct.php:0
[19-Nov-2018 19:53:42 UTC] PHP Fatal error:  Call to undefined function getCategories() in /home/ubuntu/workspace/cst336/labs/lab7/updateProduct.php on line 79
[19-Nov-2018 19:53:42 UTC] PHP Stack trace:
[19-Nov-2018 19:53:42 UTC] PHP   1. {main}() /home/ubuntu/workspace/cst336/labs/lab7/updateProduct.php:0
[19-Nov-2018 19:56:36 UTC] PHP Fatal error:  Uncaught exception 'PDOException' with message 'SQLSTATE[42000]: Syntax error or access violation: 1064 You have an error in your SQL syntax; check the manual that corresponds to your MySQL server version for the right syntax to use near '' at line 1' in /home/ubuntu/workspace/cst336/labs/lab7/updateProduct.php:47
Stack trace:
#0 /home/ubuntu/workspace/cst336/labs/lab7/updateProduct.php(47): PDOStatement->execute()
#1 /home/ubuntu/workspace/cst336/labs/lab7/updateProduct.php(39): getProductInfo()
#2 {main}
  thrown in /home/ubuntu/workspace/cst336/labs/lab7/updateProduct.php on line 47
[19-Nov-2018 19:58:27 UTC] PHP Fatal error:  Uncaught exception 'PDOException' with message 'SQLSTATE[42000]: Syntax error or access violation: 1064 You have an error in your SQL syntax; check the manual that corresponds to your MySQL server version for the right syntax to use near '' at line 1' in /home/ubuntu/workspace/cst336/labs/lab7/updateProduct.php:46
Stack trace:
#0 /home/ubuntu/workspace/cst336/labs/lab7/updateProduct.php(46): PDOStatement->execute()
#1 /home/ubuntu/workspace/cst336/labs/lab7/updateProduct.php(38): getProductInfo()
#2 {main}
  thrown in /home/ubuntu/workspace/cst336/labs/lab7/updateProduct.php on line 46
[19-Nov-2018 20:01:14 UTC] PHP Fatal error:  Uncaught exception 'PDOException' with message 'SQLSTATE[42000]: Syntax error or access violation: 1064 You have an error in your SQL syntax; check the manual that corresponds to your MySQL server version for the right syntax to use near '' at line 1' in /home/ubuntu/workspace/cst336/labs/lab7/updateProduct.php:41
Stack trace:
#0 /home/ubuntu/workspace/cst336/labs/lab7/updateProduct.php(41): PDOStatement->execute()
#1 /home/ubuntu/workspace/cst336/labs/lab7/updateProduct.php(33): getProductInfo()
#2 {main}
  thrown in /home/ubuntu/workspace/cst336/labs/lab7/updateProduct.php on line 41
[19-Nov-2018 20:02:13 UTC] PHP Fatal error:  Uncaught exception 'PDOException' with message 'SQLSTATE[42000]: Syntax error or access violation: 1064 You have an error in your SQL syntax; check the manual that corresponds to your MySQL server version for the right syntax to use near '' at line 1' in /home/ubuntu/workspace/cst336/labs/lab7/updateProduct.php:46
Stack trace:
#0 /home/ubuntu/workspace/cst336/labs/lab7/updateProduct.php(46): PDOStatement->execute()
#1 /home/ubuntu/workspace/cst336/labs/lab7/updateProduct.php(38): getProductInfo()
#2 {main}
  thrown in /home/ubuntu/workspace/cst336/labs/lab7/updateProduct.php on line 46
[19-Nov-2018 20:07:04 UTC] PHP Fatal error:  Uncaught exception 'PDOException' with message 'SQLSTATE[42000]: Syntax error or access violation: 1064 You have an error in your SQL syntax; check the manual that corresponds to your MySQL server version for the right syntax to use near '' at line 1' in /home/ubuntu/workspace/cst336/labs/lab7/updateProduct.php:46
Stack trace:
#0 /home/ubuntu/workspace/cst336/labs/lab7/updateProduct.php(46): PDOStatement->execute()
#1 /home/ubuntu/workspace/cst336/labs/lab7/updateProduct.php(38): getProductInfo()
#2 {main}
  thrown in /home/ubuntu/workspace/cst336/labs/lab7/updateProduct.php on line 46
[19-Nov-2018 20:07:46 UTC] PHP Fatal error:  Uncaught exception 'PDOException' with message 'SQLSTATE[42000]: Syntax error or access violation: 1064 You have an error in your SQL syntax; check the manual that corresponds to your MySQL server version for the right syntax to use near '' at line 1' in /home/ubuntu/workspace/cst336/labs/lab7/updateProduct.php:46
Stack trace:
#0 /home/ubuntu/workspace/cst336/labs/lab7/updateProduct.php(46): PDOStatement->execute()
#1 /home/ubuntu/workspace/cst336/labs/lab7/updateProduct.php(38): getProductInfo()
#2 {main}
  thrown in /home/ubuntu/workspace/cst336/labs/lab7/updateProduct.php on line 46
[01-Dec-2018 20:06:54 UTC] PHP Parse error:  syntax error, unexpected '<' in /home/ubuntu/workspace/cst336/labs/pets/pets.php on line 24
[02-Dec-2018 01:10:14 UTC] PHP Warning:  include(header.php): failed to open stream: No such file or directory in /home/ubuntu/workspace/cst336/labs/pets/index.php on line 3
[02-Dec-2018 01:10:14 UTC] PHP Stack trace:
[02-Dec-2018 01:10:14 UTC] PHP   1. {main}() /home/ubuntu/workspace/cst336/labs/pets/index.php:0
[02-Dec-2018 01:10:14 UTC] PHP Warning:  include(): Failed opening 'header.php' for inclusion (include_path='.:/usr/share/php:/usr/share/pear') in /home/ubuntu/workspace/cst336/labs/pets/index.php on line 3
[02-Dec-2018 01:10:14 UTC] PHP Stack trace:
[02-Dec-2018 01:10:14 UTC] PHP   1. {main}() /home/ubuntu/workspace/cst336/labs/pets/index.php:0
[02-Dec-2018 01:10:14 UTC] PHP Warning:  include(footer.php): failed to open stream: No such file or directory in /home/ubuntu/workspace/cst336/labs/pets/index.php on line 11
[02-Dec-2018 01:10:14 UTC] PHP Stack trace:
[02-Dec-2018 01:10:14 UTC] PHP   1. {main}() /home/ubuntu/workspace/cst336/labs/pets/index.php:0
[02-Dec-2018 01:10:14 UTC] PHP Warning:  include(): Failed opening 'footer.php' for inclusion (include_path='.:/usr/share/php:/usr/share/pear') in /home/ubuntu/workspace/cst336/labs/pets/index.php on line 11
[02-Dec-2018 01:10:14 UTC] PHP Stack trace:
[02-Dec-2018 01:10:14 UTC] PHP   1. {main}() /home/ubuntu/workspace/cst336/labs/pets/index.php:0
[02-Dec-2018 01:10:46 UTC] PHP Warning:  include(footer.php): failed to open stream: No such file or directory in /home/ubuntu/workspace/cst336/labs/pets/index.php on line 11
[02-Dec-2018 01:10:46 UTC] PHP Stack trace:
[02-Dec-2018 01:10:46 UTC] PHP   1. {main}() /home/ubuntu/workspace/cst336/labs/pets/index.php:0
[02-Dec-2018 01:10:46 UTC] PHP Warning:  include(): Failed opening 'footer.php' for inclusion (include_path='.:/usr/share/php:/usr/share/pear') in /home/ubuntu/workspace/cst336/labs/pets/index.php on line 11
[02-Dec-2018 01:10:46 UTC] PHP Stack trace:
[02-Dec-2018 01:10:46 UTC] PHP   1. {main}() /home/ubuntu/workspace/cst336/labs/pets/index.php:0
[04-Dec-2018 22:33:33 UTC] PHP Fatal error:  Unsupported operand types in /home/ubuntu/workspace/cst336/labs/pets/pets.php on line 52
[04-Dec-2018 22:33:33 UTC] PHP Stack trace:
[04-Dec-2018 22:33:33 UTC] PHP   1. {main}() /home/ubuntu/workspace/cst336/labs/pets/pets.php:0
[04-Dec-2018 22:42:09 UTC] PHP Parse error:  syntax error, unexpected 'left' (T_STRING) in /home/ubuntu/workspace/cst336/labs/pets/pets.php on line 64
[04-Dec-2018 22:53:52 UTC] PHP Warning:  Invalid argument supplied for foreach() in /home/ubuntu/workspace/cst336/labs/pets/pets.php on line 30
[04-Dec-2018 22:53:52 UTC] PHP Stack trace:
[04-Dec-2018 22:53:52 UTC] PHP   1. {main}() /home/ubuntu/workspace/cst336/labs/pets/pets.php:0
[04-Dec-2018 22:56:07 UTC] PHP Warning:  Invalid argument supplied for foreach() in /home/ubuntu/workspace/cst336/labs/pets/pets.php on line 31
[04-Dec-2018 22:56:07 UTC] PHP Stack trace:
[04-Dec-2018 22:56:07 UTC] PHP   1. {main}() /home/ubuntu/workspace/cst336/labs/pets/pets.php:0
[05-Dec-2018 02:18:27 UTC] PHP Parse error:  syntax error, unexpected 'in' (T_STRING) in /home/ubuntu/workspace/cst336/labs/pets/index.php on line 27
[05-Dec-2018 02:18:36 UTC] PHP Parse error:  syntax error, unexpected 'in' (T_STRING) in /home/ubuntu/workspace/cst336/labs/pets/index.php on line 27
[05-Dec-2018 02:27:22 UTC] PHP Warning:  Illegal string offset 'pictureURL' in /home/ubuntu/workspace/cst336/labs/pets/index.php on line 30
[05-Dec-2018 02:27:22 UTC] PHP Stack trace:
[05-Dec-2018 02:27:22 UTC] PHP   1. {main}() /home/ubuntu/workspace/cst336/labs/pets/index.php:0
[05-Dec-2018 02:35:40 UTC] PHP Parse error:  syntax error, unexpected end of file in /home/ubuntu/workspace/cst336/labs/pets/index.php on line 95
[05-Dec-2018 02:36:24 UTC] PHP Parse error:  syntax error, unexpected end of file in /home/ubuntu/workspace/cst336/labs/pets/index.php on line 88
[05-Dec-2018 03:03:38 UTC] PHP Warning:  include(footer.php): failed to open stream: No such file or directory in /home/ubuntu/workspace/cst336/labs/pets/pets.php on line 121
[05-Dec-2018 03:03:38 UTC] PHP Stack trace:
[05-Dec-2018 03:03:38 UTC] PHP   1. {main}() /home/ubuntu/workspace/cst336/labs/pets/pets.php:0
[05-Dec-2018 03:03:38 UTC] PHP Warning:  include(): Failed opening 'footer.php' for inclusion (include_path='.:/usr/share/php:/usr/share/pear') in /home/ubuntu/workspace/cst336/labs/pets/pets.php on line 121
[05-Dec-2018 03:03:38 UTC] PHP Stack trace:
[05-Dec-2018 03:03:38 UTC] PHP   1. {main}() /home/ubuntu/workspace/cst336/labs/pets/pets.php:0
