[08-Dec-2018 16:30:23 UTC] PHP Warning:  include(dbConnection.php): failed to open stream: No such file or directory in /home/ubuntu/workspace/cst336/finalExam/secret/functions.php on line 2
[08-Dec-2018 16:30:23 UTC] PHP Stack trace:
[08-Dec-2018 16:30:23 UTC] PHP   1. {main}() /home/ubuntu/workspace/cst336/finalExam/secret/functions.php:0
[08-Dec-2018 16:30:23 UTC] PHP Warning:  include(): Failed opening 'dbConnection.php' for inclusion (include_path='.:/usr/share/php:/usr/share/pear') in /home/ubuntu/workspace/cst336/finalExam/secret/functions.php on line 2
[08-Dec-2018 16:30:23 UTC] PHP Stack trace:
[08-Dec-2018 16:30:23 UTC] PHP   1. {main}() /home/ubuntu/workspace/cst336/finalExam/secret/functions.php:0
[08-Dec-2018 16:30:23 UTC] PHP Fatal error:  Call to undefined function getDatabaseConnection() in /home/ubuntu/workspace/cst336/finalExam/secret/functions.php on line 3
[08-Dec-2018 16:30:23 UTC] PHP Stack trace:
[08-Dec-2018 16:30:23 UTC] PHP   1. {main}() /home/ubuntu/workspace/cst336/finalExam/secret/functions.php:0
[08-Dec-2018 16:44:15 UTC] PHP Warning:  include(funtions.php): failed to open stream: No such file or directory in /home/ubuntu/workspace/cst336/finalExam/secret/program1.php on line 33
[08-Dec-2018 16:44:15 UTC] PHP Stack trace:
[08-Dec-2018 16:44:15 UTC] PHP   1. {main}() /home/ubuntu/workspace/cst336/finalExam/secret/program1.php:0
[08-Dec-2018 16:44:15 UTC] PHP Warning:  include(): Failed opening 'funtions.php' for inclusion (include_path='.:/usr/share/php:/usr/share/pear') in /home/ubuntu/workspace/cst336/finalExam/secret/program1.php on line 33
[08-Dec-2018 16:44:15 UTC] PHP Stack trace:
[08-Dec-2018 16:44:15 UTC] PHP   1. {main}() /home/ubuntu/workspace/cst336/finalExam/secret/program1.php:0
[08-Dec-2018 16:44:15 UTC] PHP Fatal error:  Call to undefined function getData() in /home/ubuntu/workspace/cst336/finalExam/secret/program1.php on line 34
[08-Dec-2018 16:44:15 UTC] PHP Stack trace:
[08-Dec-2018 16:44:15 UTC] PHP   1. {main}() /home/ubuntu/workspace/cst336/finalExam/secret/program1.php:0
[08-Dec-2018 16:44:44 UTC] PHP Warning:  Invalid argument supplied for foreach() in /home/ubuntu/workspace/cst336/finalExam/secret/program1.php on line 35
[08-Dec-2018 16:44:44 UTC] PHP Stack trace:
[08-Dec-2018 16:44:44 UTC] PHP   1. {main}() /home/ubuntu/workspace/cst336/finalExam/secret/program1.php:0
[08-Dec-2018 16:45:12 UTC] PHP Warning:  Invalid argument supplied for foreach() in /home/ubuntu/workspace/cst336/finalExam/secret/program1.php on line 37
[08-Dec-2018 16:45:12 UTC] PHP Stack trace:
[08-Dec-2018 16:45:12 UTC] PHP   1. {main}() /home/ubuntu/workspace/cst336/finalExam/secret/program1.php:0
[08-Dec-2018 16:45:14 UTC] PHP Warning:  Invalid argument supplied for foreach() in /home/ubuntu/workspace/cst336/finalExam/secret/program1.php on line 37
[08-Dec-2018 16:45:14 UTC] PHP Stack trace:
[08-Dec-2018 16:45:14 UTC] PHP   1. {main}() /home/ubuntu/workspace/cst336/finalExam/secret/program1.php:0
[08-Dec-2018 16:46:10 UTC] PHP Warning:  Invalid argument supplied for foreach() in /home/ubuntu/workspace/cst336/finalExam/secret/program1.php on line 37
[08-Dec-2018 16:46:10 UTC] PHP Stack trace:
[08-Dec-2018 16:46:10 UTC] PHP   1. {main}() /home/ubuntu/workspace/cst336/finalExam/secret/program1.php:0
[08-Dec-2018 17:12:23 UTC] PHP Fatal error:  Uncaught exception 'PDOException' with message 'SQLSTATE[42000]: Syntax error or access violation: 1064 You have an error in your SQL syntax; check the manual that corresponds to your MySQL server version for the right syntax to use near 'WHERE name = 'jlopez'' at line 1' in /home/ubuntu/workspace/cst336/finalExam/secret/checkDaysLeft.php:6
Stack trace:
#0 /home/ubuntu/workspace/cst336/finalExam/secret/checkDaysLeft.php(6): PDOStatement->execute(Array)
#1 {main}
  thrown in /home/ubuntu/workspace/cst336/finalExam/secret/checkDaysLeft.php on line 6
[08-Dec-2018 17:12:41 UTC] PHP Fatal error:  Uncaught exception 'PDOException' with message 'SQLSTATE[42000]: Syntax error or access violation: 1064 You have an error in your SQL syntax; check the manual that corresponds to your MySQL server version for the right syntax to use near 'WHERE name = jlopez' at line 1' in /home/ubuntu/workspace/cst336/finalExam/secret/checkDaysLeft.php:6
Stack trace:
#0 /home/ubuntu/workspace/cst336/finalExam/secret/checkDaysLeft.php(6): PDOStatement->execute(Array)
#1 {main}
  thrown in /home/ubuntu/workspace/cst336/finalExam/secret/checkDaysLeft.php on line 6
[08-Dec-2018 17:13:12 UTC] PHP Fatal error:  Uncaught exception 'PDOException' with message 'SQLSTATE[42000]: Syntax error or access violation: 1064 You have an error in your SQL syntax; check the manual that corresponds to your MySQL server version for the right syntax to use near 'WHERE name =jlopez' at line 1' in /home/ubuntu/workspace/cst336/finalExam/secret/checkDaysLeft.php:7
Stack trace:
#0 /home/ubuntu/workspace/cst336/finalExam/secret/checkDaysLeft.php(7): PDOStatement->execute(Array)
#1 {main}
  thrown in /home/ubuntu/workspace/cst336/finalExam/secret/checkDaysLeft.php on line 7
[08-Dec-2018 17:13:35 UTC] PHP Fatal error:  Uncaught exception 'PDOException' with message 'SQLSTATE[42000]: Syntax error or access violation: 1064 You have an error in your SQL syntax; check the manual that corresponds to your MySQL server version for the right syntax to use near '0' at line 1' in /home/ubuntu/workspace/cst336/finalExam/secret/checkDaysLeft.php:7
Stack trace:
#0 /home/ubuntu/workspace/cst336/finalExam/secret/checkDaysLeft.php(7): PDOStatement->execute(Array)
#1 {main}
  thrown in /home/ubuntu/workspace/cst336/finalExam/secret/checkDaysLeft.php on line 7
[08-Dec-2018 17:13:45 UTC] PHP Fatal error:  Uncaught exception 'PDOException' with message 'SQLSTATE[42000]: Syntax error or access violation: 1064 You have an error in your SQL syntax; check the manual that corresponds to your MySQL server version for the right syntax to use near 'WHERE name = jlopez' at line 1' in /home/ubuntu/workspace/cst336/finalExam/secret/checkDaysLeft.php:7
Stack trace:
#0 /home/ubuntu/workspace/cst336/finalExam/secret/checkDaysLeft.php(7): PDOStatement->execute(Array)
#1 {main}
  thrown in /home/ubuntu/workspace/cst336/finalExam/secret/checkDaysLeft.php on line 7
[08-Dec-2018 17:14:14 UTC] PHP Fatal error:  Uncaught exception 'PDOException' with message 'SQLSTATE[42000]: Syntax error or access violation: 1064 You have an error in your SQL syntax; check the manual that corresponds to your MySQL server version for the right syntax to use near 'WHERE username = 'jlopez' at line 1' in /home/ubuntu/workspace/cst336/finalExam/secret/checkDaysLeft.php:7
Stack trace:
#0 /home/ubuntu/workspace/cst336/finalExam/secret/checkDaysLeft.php(7): PDOStatement->execute(Array)
#1 {main}
  thrown in /home/ubuntu/workspace/cst336/finalExam/secret/checkDaysLeft.php on line 7
[08-Dec-2018 17:14:29 UTC] PHP Fatal error:  Uncaught exception 'PDOException' with message 'SQLSTATE[42000]: Syntax error or access violation: 1064 You have an error in your SQL syntax; check the manual that corresponds to your MySQL server version for the right syntax to use near 'WHERE username = 'jlopez'' at line 1' in /home/ubuntu/workspace/cst336/finalExam/secret/checkDaysLeft.php:7
Stack trace:
#0 /home/ubuntu/workspace/cst336/finalExam/secret/checkDaysLeft.php(7): PDOStatement->execute(Array)
#1 {main}
  thrown in /home/ubuntu/workspace/cst336/finalExam/secret/checkDaysLeft.php on line 7
[08-Dec-2018 17:14:39 UTC] PHP Fatal error:  Uncaught exception 'PDOException' with message 'SQLSTATE[42000]: Syntax error or access violation: 1064 You have an error in your SQL syntax; check the manual that corresponds to your MySQL server version for the right syntax to use near 'WHERE username = jlopez' at line 1' in /home/ubuntu/workspace/cst336/finalExam/secret/checkDaysLeft.php:7
Stack trace:
#0 /home/ubuntu/workspace/cst336/finalExam/secret/checkDaysLeft.php(7): PDOStatement->execute(Array)
#1 {main}
  thrown in /home/ubuntu/workspace/cst336/finalExam/secret/checkDaysLeft.php on line 7
[08-Dec-2018 17:14:52 UTC] PHP Fatal error:  Uncaught exception 'PDOException' with message 'SQLSTATE[42000]: Syntax error or access violation: 1064 You have an error in your SQL syntax; check the manual that corresponds to your MySQL server version for the right syntax to use near 'WHERE username =jlopez' at line 1' in /home/ubuntu/workspace/cst336/finalExam/secret/checkDaysLeft.php:7
Stack trace:
#0 /home/ubuntu/workspace/cst336/finalExam/secret/checkDaysLeft.php(7): PDOStatement->execute(Array)
#1 {main}
  thrown in /home/ubuntu/workspace/cst336/finalExam/secret/checkDaysLeft.php on line 7
[08-Dec-2018 17:16:08 UTC] PHP Fatal error:  Uncaught exception 'PDOException' with message 'SQLSTATE[42S22]: Column not found: 1054 Unknown column 'jlopez' in 'where clause'' in /home/ubuntu/workspace/cst336/finalExam/secret/checkDaysLeft.php:7
Stack trace:
#0 /home/ubuntu/workspace/cst336/finalExam/secret/checkDaysLeft.php(7): PDOStatement->execute(Array)
#1 {main}
  thrown in /home/ubuntu/workspace/cst336/finalExam/secret/checkDaysLeft.php on line 7
[08-Dec-2018 17:16:20 UTC] PHP Fatal error:  Uncaught exception 'PDOException' with message 'SQLSTATE[42S22]: Column not found: 1054 Unknown column 'jlopez' in 'where clause'' in /home/ubuntu/workspace/cst336/finalExam/secret/checkDaysLeft.php:7
Stack trace:
#0 /home/ubuntu/workspace/cst336/finalExam/secret/checkDaysLeft.php(7): PDOStatement->execute(Array)
#1 {main}
  thrown in /home/ubuntu/workspace/cst336/finalExam/secret/checkDaysLeft.php on line 7
[08-Dec-2018 19:06:36 UTC] PHP Fatal error:  Call to a member function execute() on a non-object in /home/ubuntu/workspace/cst336/finalExam/secret/checkUnamePwd.php on line 22
[08-Dec-2018 19:06:36 UTC] PHP Stack trace:
[08-Dec-2018 19:06:36 UTC] PHP   1. {main}() /home/ubuntu/workspace/cst336/finalExam/secret/checkUnamePwd.php:0
[08-Dec-2018 19:08:00 UTC] PHP Fatal error:  Uncaught exception 'PDOException' with message 'SQLSTATE[42S22]: Column not found: 1054 Unknown column 'id' in 'where clause'' in /home/ubuntu/workspace/cst336/finalExam/secret/checkUnamePwd.php:23
Stack trace:
#0 /home/ubuntu/workspace/cst336/finalExam/secret/checkUnamePwd.php(23): PDOStatement->execute()
#1 {main}
  thrown in /home/ubuntu/workspace/cst336/finalExam/secret/checkUnamePwd.php on line 23
[08-Dec-2018 19:08:07 UTC] PHP Fatal error:  Uncaught exception 'PDOException' with message 'SQLSTATE[42S22]: Column not found: 1054 Unknown column 'id' in 'where clause'' in /home/ubuntu/workspace/cst336/finalExam/secret/checkUnamePwd.php:23
Stack trace:
#0 /home/ubuntu/workspace/cst336/finalExam/secret/checkUnamePwd.php(23): PDOStatement->execute()
#1 {main}
  thrown in /home/ubuntu/workspace/cst336/finalExam/secret/checkUnamePwd.php on line 23
[08-Dec-2018 19:08:08 UTC] PHP Fatal error:  Uncaught exception 'PDOException' with message 'SQLSTATE[42S22]: Column not found: 1054 Unknown column 'id' in 'where clause'' in /home/ubuntu/workspace/cst336/finalExam/secret/checkUnamePwd.php:23
Stack trace:
#0 /home/ubuntu/workspace/cst336/finalExam/secret/checkUnamePwd.php(23): PDOStatement->execute()
#1 {main}
  thrown in /home/ubuntu/workspace/cst336/finalExam/secret/checkUnamePwd.php on line 23
[08-Dec-2018 19:36:56 UTC] PHP Fatal error:  Uncaught exception 'PDOException' with message 'SQLSTATE[42000]: Syntax error or access violation: 1064 You have an error in your SQL syntax; check the manual that corresponds to your MySQL server version for the right syntax to use near '15' at line 1' in /home/ubuntu/workspace/cst336/finalExam/secret/checkUnamePwd.php:38
Stack trace:
#0 /home/ubuntu/workspace/cst336/finalExam/secret/checkUnamePwd.php(38): PDOStatement->execute()
#1 {main}
  thrown in /home/ubuntu/workspace/cst336/finalExam/secret/checkUnamePwd.php on line 38
[08-Dec-2018 19:42:10 UTC] PHP Fatal error:  Uncaught exception 'PDOException' with message 'SQLSTATE[42000]: Syntax error or access violation: 1064 You have an error in your SQL syntax; check the manual that corresponds to your MySQL server version for the right syntax to use near '' at line 2' in /home/ubuntu/workspace/cst336/finalExam/secret/checkUnamePwd.php:28
Stack trace:
#0 /home/ubuntu/workspace/cst336/finalExam/secret/checkUnamePwd.php(28): PDOStatement->execute()
#1 {main}
  thrown in /home/ubuntu/workspace/cst336/finalExam/secret/checkUnamePwd.php on line 28
[08-Dec-2018 19:42:18 UTC] PHP Fatal error:  Uncaught exception 'PDOException' with message 'SQLSTATE[42000]: Syntax error or access violation: 1064 You have an error in your SQL syntax; check the manual that corresponds to your MySQL server version for the right syntax to use near '' at line 2' in /home/ubuntu/workspace/cst336/finalExam/secret/checkUnamePwd.php:28
Stack trace:
#0 /home/ubuntu/workspace/cst336/finalExam/secret/checkUnamePwd.php(28): PDOStatement->execute()
#1 {main}
  thrown in /home/ubuntu/workspace/cst336/finalExam/secret/checkUnamePwd.php on line 28
[08-Dec-2018 19:42:53 UTC] PHP Fatal error:  Uncaught exception 'PDOException' with message 'SQLSTATE[42000]: Syntax error or access violation: 1064 You have an error in your SQL syntax; check the manual that corresponds to your MySQL server version for the right syntax to use near '' at line 2' in /home/ubuntu/workspace/cst336/finalExam/secret/checkUnamePwd.php:28
Stack trace:
#0 /home/ubuntu/workspace/cst336/finalExam/secret/checkUnamePwd.php(28): PDOStatement->execute()
#1 {main}
  thrown in /home/ubuntu/workspace/cst336/finalExam/secret/checkUnamePwd.php on line 28
[08-Dec-2018 19:44:44 UTC] PHP Fatal error:  Uncaught exception 'PDOException' with message 'SQLSTATE[42000]: Syntax error or access violation: 1064 You have an error in your SQL syntax; check the manual that corresponds to your MySQL server version for the right syntax to use near '' at line 2' in /home/ubuntu/workspace/cst336/finalExam/secret/checkUnamePwd.php:26
Stack trace:
#0 /home/ubuntu/workspace/cst336/finalExam/secret/checkUnamePwd.php(26): PDOStatement->execute()
#1 {main}
  thrown in /home/ubuntu/workspace/cst336/finalExam/secret/checkUnamePwd.php on line 26
[08-Dec-2018 19:45:10 UTC] PHP Fatal error:  Uncaught exception 'PDOException' with message 'SQLSTATE[42000]: Syntax error or access violation: 1064 You have an error in your SQL syntax; check the manual that corresponds to your MySQL server version for the right syntax to use near '' at line 2' in /home/ubuntu/workspace/cst336/finalExam/secret/checkUnamePwd.php:26
Stack trace:
#0 /home/ubuntu/workspace/cst336/finalExam/secret/checkUnamePwd.php(26): PDOStatement->execute()
#1 {main}
  thrown in /home/ubuntu/workspace/cst336/finalExam/secret/checkUnamePwd.php on line 26
[08-Dec-2018 19:46:53 UTC] PHP Fatal error:  Uncaught exception 'PDOException' with message 'SQLSTATE[42000]: Syntax error or access violation: 1064 You have an error in your SQL syntax; check the manual that corresponds to your MySQL server version for the right syntax to use near '' at line 2' in /home/ubuntu/workspace/cst336/finalExam/secret/checkUnamePwd.php:26
Stack trace:
#0 /home/ubuntu/workspace/cst336/finalExam/secret/checkUnamePwd.php(26): PDOStatement->execute()
#1 {main}
  thrown in /home/ubuntu/workspace/cst336/finalExam/secret/checkUnamePwd.php on line 26
[08-Dec-2018 19:47:18 UTC] PHP Fatal error:  Uncaught exception 'PDOException' with message 'SQLSTATE[42000]: Syntax error or access violation: 1064 You have an error in your SQL syntax; check the manual that corresponds to your MySQL server version for the right syntax to use near '' at line 2' in /home/ubuntu/workspace/cst336/finalExam/secret/checkUnamePwd.php:26
Stack trace:
#0 /home/ubuntu/workspace/cst336/finalExam/secret/checkUnamePwd.php(26): PDOStatement->execute()
#1 {main}
  thrown in /home/ubuntu/workspace/cst336/finalExam/secret/checkUnamePwd.php on line 26
[08-Dec-2018 19:48:06 UTC] PHP Fatal error:  Uncaught exception 'PDOException' with message 'SQLSTATE[42000]: Syntax error or access violation: 1064 You have an error in your SQL syntax; check the manual that corresponds to your MySQL server version for the right syntax to use near '' at line 2' in /home/ubuntu/workspace/cst336/finalExam/secret/checkUnamePwd.php:26
Stack trace:
#0 /home/ubuntu/workspace/cst336/finalExam/secret/checkUnamePwd.php(26): PDOStatement->execute()
#1 {main}
  thrown in /home/ubuntu/workspace/cst336/finalExam/secret/checkUnamePwd.php on line 26
[08-Dec-2018 19:48:07 UTC] PHP Fatal error:  Uncaught exception 'PDOException' with message 'SQLSTATE[42000]: Syntax error or access violation: 1064 You have an error in your SQL syntax; check the manual that corresponds to your MySQL server version for the right syntax to use near '' at line 2' in /home/ubuntu/workspace/cst336/finalExam/secret/checkUnamePwd.php:26
Stack trace:
#0 /home/ubuntu/workspace/cst336/finalExam/secret/checkUnamePwd.php(26): PDOStatement->execute()
#1 {main}
  thrown in /home/ubuntu/workspace/cst336/finalExam/secret/checkUnamePwd.php on line 26
[08-Dec-2018 19:49:40 UTC] PHP Fatal error:  Uncaught exception 'PDOException' with message 'SQLSTATE[42000]: Syntax error or access violation: 1064 You have an error in your SQL syntax; check the manual that corresponds to your MySQL server version for the right syntax to use near '' at line 2' in /home/ubuntu/workspace/cst336/finalExam/secret/checkUnamePwd.php:26
Stack trace:
#0 /home/ubuntu/workspace/cst336/finalExam/secret/checkUnamePwd.php(26): PDOStatement->execute()
#1 {main}
  thrown in /home/ubuntu/workspace/cst336/finalExam/secret/checkUnamePwd.php on line 26
[08-Dec-2018 19:49:42 UTC] PHP Fatal error:  Uncaught exception 'PDOException' with message 'SQLSTATE[42000]: Syntax error or access violation: 1064 You have an error in your SQL syntax; check the manual that corresponds to your MySQL server version for the right syntax to use near '' at line 2' in /home/ubuntu/workspace/cst336/finalExam/secret/checkUnamePwd.php:26
Stack trace:
#0 /home/ubuntu/workspace/cst336/finalExam/secret/checkUnamePwd.php(26): PDOStatement->execute()
#1 {main}
  thrown in /home/ubuntu/workspace/cst336/finalExam/secret/checkUnamePwd.php on line 26
[08-Dec-2018 19:51:41 UTC] PHP Fatal error:  Uncaught exception 'PDOException' with message 'SQLSTATE[42000]: Syntax error or access violation: 1064 You have an error in your SQL syntax; check the manual that corresponds to your MySQL server version for the right syntax to use near '' at line 2' in /home/ubuntu/workspace/cst336/finalExam/secret/checkUnamePwd.php:26
Stack trace:
#0 /home/ubuntu/workspace/cst336/finalExam/secret/checkUnamePwd.php(26): PDOStatement->execute()
#1 {main}
  thrown in /home/ubuntu/workspace/cst336/finalExam/secret/checkUnamePwd.php on line 26
[08-Dec-2018 19:51:50 UTC] PHP Fatal error:  Uncaught exception 'PDOException' with message 'SQLSTATE[42000]: Syntax error or access violation: 1064 You have an error in your SQL syntax; check the manual that corresponds to your MySQL server version for the right syntax to use near '' at line 2' in /home/ubuntu/workspace/cst336/finalExam/secret/checkUnamePwd.php:26
Stack trace:
#0 /home/ubuntu/workspace/cst336/finalExam/secret/checkUnamePwd.php(26): PDOStatement->execute()
#1 {main}
  thrown in /home/ubuntu/workspace/cst336/finalExam/secret/checkUnamePwd.php on line 26
[08-Dec-2018 19:52:04 UTC] PHP Fatal error:  Uncaught exception 'PDOException' with message 'SQLSTATE[42000]: Syntax error or access violation: 1064 You have an error in your SQL syntax; check the manual that corresponds to your MySQL server version for the right syntax to use near '' at line 2' in /home/ubuntu/workspace/cst336/finalExam/secret/checkUnamePwd.php:26
Stack trace:
#0 /home/ubuntu/workspace/cst336/finalExam/secret/checkUnamePwd.php(26): PDOStatement->execute()
#1 {main}
  thrown in /home/ubuntu/workspace/cst336/finalExam/secret/checkUnamePwd.php on line 26
[08-Dec-2018 19:57:16 UTC] PHP Fatal error:  Uncaught exception 'PDOException' with message 'SQLSTATE[42000]: Syntax error or access violation: 1064 You have an error in your SQL syntax; check the manual that corresponds to your MySQL server version for the right syntax to use near '' at line 1' in /home/ubuntu/workspace/cst336/finalExam/secret/checkUnamePwd.php:31
Stack trace:
#0 /home/ubuntu/workspace/cst336/finalExam/secret/checkUnamePwd.php(31): PDOStatement->execute()
#1 {main}
  thrown in /home/ubuntu/workspace/cst336/finalExam/secret/checkUnamePwd.php on line 31
[08-Dec-2018 19:57:25 UTC] PHP Fatal error:  Uncaught exception 'PDOException' with message 'SQLSTATE[42000]: Syntax error or access violation: 1064 You have an error in your SQL syntax; check the manual that corresponds to your MySQL server version for the right syntax to use near '' at line 1' in /home/ubuntu/workspace/cst336/finalExam/secret/checkUnamePwd.php:31
Stack trace:
#0 /home/ubuntu/workspace/cst336/finalExam/secret/checkUnamePwd.php(31): PDOStatement->execute()
#1 {main}
  thrown in /home/ubuntu/workspace/cst336/finalExam/secret/checkUnamePwd.php on line 31
[08-Dec-2018 20:02:00 UTC] PHP Fatal error:  Uncaught exception 'PDOException' with message 'SQLSTATE[42000]: Syntax error or access violation: 1064 You have an error in your SQL syntax; check the manual that corresponds to your MySQL server version for the right syntax to use near '' at line 1' in /home/ubuntu/workspace/cst336/finalExam/secret/checkUnamePwd.php:35
Stack trace:
#0 /home/ubuntu/workspace/cst336/finalExam/secret/checkUnamePwd.php(35): PDOStatement->execute()
#1 {main}
  thrown in /home/ubuntu/workspace/cst336/finalExam/secret/checkUnamePwd.php on line 35
[08-Dec-2018 20:03:34 UTC] PHP Fatal error:  Uncaught exception 'PDOException' with message 'SQLSTATE[42000]: Syntax error or access violation: 1064 You have an error in your SQL syntax; check the manual that corresponds to your MySQL server version for the right syntax to use near '' at line 1' in /home/ubuntu/workspace/cst336/finalExam/secret/checkUnamePwd.php:36
Stack trace:
#0 /home/ubuntu/workspace/cst336/finalExam/secret/checkUnamePwd.php(36): PDOStatement->execute()
#1 {main}
  thrown in /home/ubuntu/workspace/cst336/finalExam/secret/checkUnamePwd.php on line 36
[08-Dec-2018 20:03:50 UTC] PHP Fatal error:  Uncaught exception 'PDOException' with message 'SQLSTATE[42000]: Syntax error or access violation: 1064 You have an error in your SQL syntax; check the manual that corresponds to your MySQL server version for the right syntax to use near '15' at line 1' in /home/ubuntu/workspace/cst336/finalExam/secret/checkUnamePwd.php:32
Stack trace:
#0 /home/ubuntu/workspace/cst336/finalExam/secret/checkUnamePwd.php(32): PDOStatement->execute()
#1 {main}
  thrown in /home/ubuntu/workspace/cst336/finalExam/secret/checkUnamePwd.php on line 32
[08-Dec-2018 20:05:28 UTC] PHP Fatal error:  Uncaught exception 'PDOException' with message 'SQLSTATE[42000]: Syntax error or access violation: 1064 You have an error in your SQL syntax; check the manual that corresponds to your MySQL server version for the right syntax to use near '' at line 1' in /home/ubuntu/workspace/cst336/finalExam/secret/checkUnamePwd.php:36
Stack trace:
#0 /home/ubuntu/workspace/cst336/finalExam/secret/checkUnamePwd.php(36): PDOStatement->execute()
#1 {main}
  thrown in /home/ubuntu/workspace/cst336/finalExam/secret/checkUnamePwd.php on line 36
[08-Dec-2018 20:06:07 UTC] PHP Fatal error:  Uncaught exception 'PDOException' with message 'SQLSTATE[42000]: Syntax error or access violation: 1064 You have an error in your SQL syntax; check the manual that corresponds to your MySQL server version for the right syntax to use near '' at line 1' in /home/ubuntu/workspace/cst336/finalExam/secret/checkUnamePwd.php:35
Stack trace:
#0 /home/ubuntu/workspace/cst336/finalExam/secret/checkUnamePwd.php(35): PDOStatement->execute()
#1 {main}
  thrown in /home/ubuntu/workspace/cst336/finalExam/secret/checkUnamePwd.php on line 35
[08-Dec-2018 20:06:08 UTC] PHP Fatal error:  Uncaught exception 'PDOException' with message 'SQLSTATE[42000]: Syntax error or access violation: 1064 You have an error in your SQL syntax; check the manual that corresponds to your MySQL server version for the right syntax to use near '' at line 1' in /home/ubuntu/workspace/cst336/finalExam/secret/checkUnamePwd.php:35
Stack trace:
#0 /home/ubuntu/workspace/cst336/finalExam/secret/checkUnamePwd.php(35): PDOStatement->execute()
#1 {main}
  thrown in /home/ubuntu/workspace/cst336/finalExam/secret/checkUnamePwd.php on line 35
[08-Dec-2018 20:06:27 UTC] PHP Fatal error:  Uncaught exception 'PDOException' with message 'SQLSTATE[42000]: Syntax error or access violation: 1064 You have an error in your SQL syntax; check the manual that corresponds to your MySQL server version for the right syntax to use near '' at line 1' in /home/ubuntu/workspace/cst336/finalExam/secret/checkUnamePwd.php:31
Stack trace:
#0 /home/ubuntu/workspace/cst336/finalExam/secret/checkUnamePwd.php(31): PDOStatement->execute()
#1 {main}
  thrown in /home/ubuntu/workspace/cst336/finalExam/secret/checkUnamePwd.php on line 31
[08-Dec-2018 20:07:22 UTC] PHP Fatal error:  Uncaught exception 'PDOException' with message 'SQLSTATE[42000]: Syntax error or access violation: 1064 You have an error in your SQL syntax; check the manual that corresponds to your MySQL server version for the right syntax to use near '' at line 1' in /home/ubuntu/workspace/cst336/finalExam/secret/checkUnamePwd.php:35
Stack trace:
#0 /home/ubuntu/workspace/cst336/finalExam/secret/checkUnamePwd.php(35): PDOStatement->execute()
#1 {main}
  thrown in /home/ubuntu/workspace/cst336/finalExam/secret/checkUnamePwd.php on line 35
[08-Dec-2018 20:08:41 UTC] PHP Fatal error:  Uncaught exception 'PDOException' with message 'SQLSTATE[42000]: Syntax error or access violation: 1064 You have an error in your SQL syntax; check the manual that corresponds to your MySQL server version for the right syntax to use near '' at line 1' in /home/ubuntu/workspace/cst336/finalExam/secret/checkUnamePwd.php:31
Stack trace:
#0 /home/ubuntu/workspace/cst336/finalExam/secret/checkUnamePwd.php(31): PDOStatement->execute()
#1 {main}
  thrown in /home/ubuntu/workspace/cst336/finalExam/secret/checkUnamePwd.php on line 31
[08-Dec-2018 20:11:00 UTC] PHP Fatal error:  Uncaught exception 'PDOException' with message 'SQLSTATE[42000]: Syntax error or access violation: 1064 You have an error in your SQL syntax; check the manual that corresponds to your MySQL server version for the right syntax to use near '' at line 1' in /home/ubuntu/workspace/cst336/finalExam/secret/checkUnamePwd.php:56
Stack trace:
#0 /home/ubuntu/workspace/cst336/finalExam/secret/checkUnamePwd.php(56): PDOStatement->execute()
#1 {main}
  thrown in /home/ubuntu/workspace/cst336/finalExam/secret/checkUnamePwd.php on line 56
[08-Dec-2018 20:11:19 UTC] PHP Parse error:  syntax error, unexpected end of file in /home/ubuntu/workspace/cst336/finalExam/secret/checkUnamePwd.php on line 63
[08-Dec-2018 20:11:46 UTC] PHP Fatal error:  Uncaught exception 'PDOException' with message 'SQLSTATE[42000]: Syntax error or access violation: 1064 You have an error in your SQL syntax; check the manual that corresponds to your MySQL server version for the right syntax to use near '' at line 1' in /home/ubuntu/workspace/cst336/finalExam/secret/checkUnamePwd.php:56
Stack trace:
#0 /home/ubuntu/workspace/cst336/finalExam/secret/checkUnamePwd.php(56): PDOStatement->execute()
#1 {main}
  thrown in /home/ubuntu/workspace/cst336/finalExam/secret/checkUnamePwd.php on line 56
[08-Dec-2018 20:13:21 UTC] PHP Parse error:  syntax error, unexpected '}' in /home/ubuntu/workspace/cst336/finalExam/secret/checkUnamePwd.php on line 52
[08-Dec-2018 20:13:34 UTC] PHP Fatal error:  Uncaught exception 'PDOException' with message 'SQLSTATE[42000]: Syntax error or access violation: 1064 You have an error in your SQL syntax; check the manual that corresponds to your MySQL server version for the right syntax to use near '' at line 1' in /home/ubuntu/workspace/cst336/finalExam/secret/checkUnamePwd.php:32
Stack trace:
#0 /home/ubuntu/workspace/cst336/finalExam/secret/checkUnamePwd.php(32): PDOStatement->execute()
#1 {main}
  thrown in /home/ubuntu/workspace/cst336/finalExam/secret/checkUnamePwd.php on line 32
[08-Dec-2018 20:14:58 UTC] PHP Fatal error:  Uncaught exception 'PDOException' with message 'SQLSTATE[42000]: Syntax error or access violation: 1064 You have an error in your SQL syntax; check the manual that corresponds to your MySQL server version for the right syntax to use near '' at line 1' in /home/ubuntu/workspace/cst336/finalExam/secret/checkUnamePwd.php:33
Stack trace:
#0 /home/ubuntu/workspace/cst336/finalExam/secret/checkUnamePwd.php(33): PDOStatement->execute()
#1 {main}
  thrown in /home/ubuntu/workspace/cst336/finalExam/secret/checkUnamePwd.php on line 33
[08-Dec-2018 20:15:00 UTC] PHP Fatal error:  Uncaught exception 'PDOException' with message 'SQLSTATE[42000]: Syntax error or access violation: 1064 You have an error in your SQL syntax; check the manual that corresponds to your MySQL server version for the right syntax to use near '' at line 1' in /home/ubuntu/workspace/cst336/finalExam/secret/checkUnamePwd.php:33
Stack trace:
#0 /home/ubuntu/workspace/cst336/finalExam/secret/checkUnamePwd.php(33): PDOStatement->execute()
#1 {main}
  thrown in /home/ubuntu/workspace/cst336/finalExam/secret/checkUnamePwd.php on line 33
[08-Dec-2018 20:16:40 UTC] PHP Fatal error:  Uncaught exception 'PDOException' with message 'SQLSTATE[42000]: Syntax error or access violation: 1064 You have an error in your SQL syntax; check the manual that corresponds to your MySQL server version for the right syntax to use near '' at line 1' in /home/ubuntu/workspace/cst336/finalExam/secret/checkUnamePwd.php:33
Stack trace:
#0 /home/ubuntu/workspace/cst336/finalExam/secret/checkUnamePwd.php(33): PDOStatement->execute()
#1 {main}
  thrown in /home/ubuntu/workspace/cst336/finalExam/secret/checkUnamePwd.php on line 33
[08-Dec-2018 20:19:12 UTC] PHP Fatal error:  Uncaught exception 'PDOException' with message 'SQLSTATE[42000]: Syntax error or access violation: 1064 You have an error in your SQL syntax; check the manual that corresponds to your MySQL server version for the right syntax to use near ''bob' at line 1' in /home/ubuntu/workspace/cst336/finalExam/secret/checkUnamePwd.php:33
Stack trace:
#0 /home/ubuntu/workspace/cst336/finalExam/secret/checkUnamePwd.php(33): PDOStatement->execute()
#1 {main}
  thrown in /home/ubuntu/workspace/cst336/finalExam/secret/checkUnamePwd.php on line 33
[08-Dec-2018 20:19:41 UTC] PHP Fatal error:  Uncaught exception 'PDOException' with message 'SQLSTATE[42000]: Syntax error or access violation: 1064 You have an error in your SQL syntax; check the manual that corresponds to your MySQL server version for the right syntax to use near '' at line 1' in /home/ubuntu/workspace/cst336/finalExam/secret/checkUnamePwd.php:33
Stack trace:
#0 /home/ubuntu/workspace/cst336/finalExam/secret/checkUnamePwd.php(33): PDOStatement->execute()
#1 {main}
  thrown in /home/ubuntu/workspace/cst336/finalExam/secret/checkUnamePwd.php on line 33
[08-Dec-2018 20:26:08 UTC] PHP Fatal error:  Uncaught exception 'PDOException' with message 'SQLSTATE[42000]: Syntax error or access violation: 1064 You have an error in your SQL syntax; check the manual that corresponds to your MySQL server version for the right syntax to use near '' at line 1' in /home/ubuntu/workspace/cst336/finalExam/secret/checkUnamePwd.php:34
Stack trace:
#0 /home/ubuntu/workspace/cst336/finalExam/secret/checkUnamePwd.php(34): PDOStatement->execute()
#1 {main}
  thrown in /home/ubuntu/workspace/cst336/finalExam/secret/checkUnamePwd.php on line 34
[08-Dec-2018 20:28:44 UTC] PHP Fatal error:  Uncaught exception 'PDOException' with message 'SQLSTATE[HY093]: Invalid parameter number: number of bound variables does not match number of tokens' in /home/ubuntu/workspace/cst336/finalExam/secret/checkUnamePwd.php:33
Stack trace:
#0 /home/ubuntu/workspace/cst336/finalExam/secret/checkUnamePwd.php(33): PDOStatement->execute(Array)
#1 {main}
  thrown in /home/ubuntu/workspace/cst336/finalExam/secret/checkUnamePwd.php on line 33
[08-Dec-2018 20:31:27 UTC] PHP Fatal error:  Uncaught exception 'PDOException' with message 'SQLSTATE[42000]: Syntax error or access violation: 1064 You have an error in your SQL syntax; check the manual that corresponds to your MySQL server version for the right syntax to use near '' at line 1' in /home/ubuntu/workspace/cst336/finalExam/secret/checkUnamePwd.php:30
Stack trace:
#0 /home/ubuntu/workspace/cst336/finalExam/secret/checkUnamePwd.php(30): PDOStatement->execute(Array)
#1 {main}
  thrown in /home/ubuntu/workspace/cst336/finalExam/secret/checkUnamePwd.php on line 30
[08-Dec-2018 20:32:04 UTC] PHP Fatal error:  Uncaught exception 'PDOException' with message 'SQLSTATE[42000]: Syntax error or access violation: 1064 You have an error in your SQL syntax; check the manual that corresponds to your MySQL server version for the right syntax to use near '' at line 1' in /home/ubuntu/workspace/cst336/finalExam/secret/checkUnamePwd.php:40
Stack trace:
#0 /home/ubuntu/workspace/cst336/finalExam/secret/checkUnamePwd.php(40): PDOStatement->execute()
#1 {main}
  thrown in /home/ubuntu/workspace/cst336/finalExam/secret/checkUnamePwd.php on line 40
[08-Dec-2018 20:32:05 UTC] PHP Fatal error:  Uncaught exception 'PDOException' with message 'SQLSTATE[42000]: Syntax error or access violation: 1064 You have an error in your SQL syntax; check the manual that corresponds to your MySQL server version for the right syntax to use near '' at line 1' in /home/ubuntu/workspace/cst336/finalExam/secret/checkUnamePwd.php:40
Stack trace:
#0 /home/ubuntu/workspace/cst336/finalExam/secret/checkUnamePwd.php(40): PDOStatement->execute()
#1 {main}
  thrown in /home/ubuntu/workspace/cst336/finalExam/secret/checkUnamePwd.php on line 40
[08-Dec-2018 20:32:30 UTC] PHP Fatal error:  Uncaught exception 'PDOException' with message 'SQLSTATE[42000]: Syntax error or access violation: 1064 You have an error in your SQL syntax; check the manual that corresponds to your MySQL server version for the right syntax to use near '' at line 1' in /home/ubuntu/workspace/cst336/finalExam/secret/checkUnamePwd.php:40
Stack trace:
#0 /home/ubuntu/workspace/cst336/finalExam/secret/checkUnamePwd.php(40): PDOStatement->execute()
#1 {main}
  thrown in /home/ubuntu/workspace/cst336/finalExam/secret/checkUnamePwd.php on line 40
[08-Dec-2018 20:33:04 UTC] PHP Fatal error:  Uncaught exception 'PDOException' with message 'SQLSTATE[23000]: Integrity constraint violation: 1062 Duplicate entry '15' for key 'PRIMARY'' in /home/ubuntu/workspace/cst336/finalExam/secret/checkUnamePwd.php:47
Stack trace:
#0 /home/ubuntu/workspace/cst336/finalExam/secret/checkUnamePwd.php(47): PDOStatement->execute()
#1 {main}
  thrown in /home/ubuntu/workspace/cst336/finalExam/secret/checkUnamePwd.php on line 47
[08-Dec-2018 20:33:51 UTC] PHP Fatal error:  Uncaught exception 'PDOException' with message 'SQLSTATE[23000]: Integrity constraint violation: 1062 Duplicate entry '15' for key 'PRIMARY'' in /home/ubuntu/workspace/cst336/finalExam/secret/checkUnamePwd.php:47
Stack trace:
#0 /home/ubuntu/workspace/cst336/finalExam/secret/checkUnamePwd.php(47): PDOStatement->execute()
#1 {main}
  thrown in /home/ubuntu/workspace/cst336/finalExam/secret/checkUnamePwd.php on line 47
[08-Dec-2018 20:35:24 UTC] PHP Fatal error:  Uncaught exception 'PDOException' with message 'SQLSTATE[23000]: Integrity constraint violation: 1062 Duplicate entry '15' for key 'PRIMARY'' in /home/ubuntu/workspace/cst336/finalExam/secret/checkUnamePwd.php:47
Stack trace:
#0 /home/ubuntu/workspace/cst336/finalExam/secret/checkUnamePwd.php(47): PDOStatement->execute()
#1 {main}
  thrown in /home/ubuntu/workspace/cst336/finalExam/secret/checkUnamePwd.php on line 47
[08-Dec-2018 20:36:18 UTC] PHP Fatal error:  Uncaught exception 'PDOException' with message 'SQLSTATE[23000]: Integrity constraint violation: 1062 Duplicate entry '15' for key 'PRIMARY'' in /home/ubuntu/workspace/cst336/finalExam/secret/checkUnamePwd.php:47
Stack trace:
#0 /home/ubuntu/workspace/cst336/finalExam/secret/checkUnamePwd.php(47): PDOStatement->execute()
#1 {main}
  thrown in /home/ubuntu/workspace/cst336/finalExam/secret/checkUnamePwd.php on line 47
[08-Dec-2018 20:40:00 UTC] PHP Parse error:  syntax error, unexpected '*' in /home/ubuntu/workspace/cst336/finalExam/secret/checkUnamePwd.php on line 46
[08-Dec-2018 20:42:55 UTC] PHP Parse error:  syntax error, unexpected '$sql' (T_VARIABLE) in /home/ubuntu/workspace/cst336/finalExam/secret/checkUnamePwd.php on line 9
[08-Dec-2018 20:43:53 UTC] PHP Parse error:  syntax error, unexpected '*' in /home/ubuntu/workspace/cst336/finalExam/secret/checkUnamePwd.php on line 47
[08-Dec-2018 20:44:04 UTC] PHP Fatal error:  Uncaught exception 'PDOException' with message 'SQLSTATE[23000]: Integrity constraint violation: 1062 Duplicate entry '15' for key 'PRIMARY'' in /home/ubuntu/workspace/cst336/finalExam/secret/checkUnamePwd.php:45
Stack trace:
#0 /home/ubuntu/workspace/cst336/finalExam/secret/checkUnamePwd.php(45): PDOStatement->execute()
#1 {main}
  thrown in /home/ubuntu/workspace/cst336/finalExam/secret/checkUnamePwd.php on line 45
[08-Dec-2018 20:46:20 UTC] PHP Fatal error:  Uncaught exception 'PDOException' with message 'SQLSTATE[23000]: Integrity constraint violation: 1062 Duplicate entry '15' for key 'PRIMARY'' in /home/ubuntu/workspace/cst336/finalExam/secret/checkUnamePwd.php:46
Stack trace:
#0 /home/ubuntu/workspace/cst336/finalExam/secret/checkUnamePwd.php(46): PDOStatement->execute()
#1 {main}
  thrown in /home/ubuntu/workspace/cst336/finalExam/secret/checkUnamePwd.php on line 46
[08-Dec-2018 20:46:29 UTC] PHP Fatal error:  Uncaught exception 'PDOException' with message 'SQLSTATE[23000]: Integrity constraint violation: 1062 Duplicate entry '15' for key 'PRIMARY'' in /home/ubuntu/workspace/cst336/finalExam/secret/checkUnamePwd.php:46
Stack trace:
#0 /home/ubuntu/workspace/cst336/finalExam/secret/checkUnamePwd.php(46): PDOStatement->execute()
#1 {main}
  thrown in /home/ubuntu/workspace/cst336/finalExam/secret/checkUnamePwd.php on line 46
[08-Dec-2018 20:46:38 UTC] PHP Fatal error:  Uncaught exception 'PDOException' with message 'SQLSTATE[21S01]: Insert value list does not match column list: 1136 Column count doesn't match value count at row 1' in /home/ubuntu/workspace/cst336/finalExam/secret/checkUnamePwd.php:46
Stack trace:
#0 /home/ubuntu/workspace/cst336/finalExam/secret/checkUnamePwd.php(46): PDOStatement->execute()
#1 {main}
  thrown in /home/ubuntu/workspace/cst336/finalExam/secret/checkUnamePwd.php on line 46
